2024-05-04T09:00:31.3977742-03:00  [INF] Now listening on: "http://localhost:5128" (d826f4b8)
2024-05-04T09:00:31.5071043-03:00  [INF] Application started. Press Ctrl+C to shut down. (dcaefe54)
2024-05-04T09:00:31.5110342-03:00  [INF] Hosting environment: "Development" (bc5a1a4e)
2024-05-04T09:00:31.5132556-03:00  [INF] Content root path: "C:\Users\cris\Desktop\cj\Paradigmas\apiWebDB" (cc26f24e)
2024-05-04T09:00:32.5959332-03:00 0HN3C6766ESIM:00000001 [INF] Request starting "HTTP/1.1" "GET" "http"://"localhost:5128""""/swagger/index.html""" - null null (d509f86a)
2024-05-04T09:00:32.8558641-03:00 0HN3C6766ESIM:00000001 [INF] Request finished "HTTP/1.1" "GET" "http"://"localhost:5128""""/swagger/index.html""" - 200 null "text/html;charset=utf-8" 267.4524ms (74253ad3)
2024-05-04T09:00:33.0274918-03:00 0HN3C6766ESIN:00000001 [INF] Request starting "HTTP/1.1" "GET" "http"://"localhost:5128""""/_vs/browserLink""" - null null (d509f86a)
2024-05-04T09:00:33.0275496-03:00 0HN3C6766ESIM:00000002 [INF] Request starting "HTTP/1.1" "GET" "http"://"localhost:5128""""/_framework/aspnetcore-browser-refresh.js""" - null null (d509f86a)
2024-05-04T09:00:33.0289048-03:00 0HN3C6766ESIM:00000002 [INF] Request finished "HTTP/1.1" "GET" "http"://"localhost:5128""""/_framework/aspnetcore-browser-refresh.js""" - 200 13752 "application/javascript; charset=utf-8" 1.3884ms (74253ad3)
2024-05-04T09:00:33.0704571-03:00 0HN3C6766ESIN:00000001 [INF] Request finished "HTTP/1.1" "GET" "http"://"localhost:5128""""/_vs/browserLink""" - 200 null "text/javascript; charset=UTF-8" 43.0808ms (74253ad3)
2024-05-04T09:00:33.3842737-03:00 0HN3C6766ESIN:00000002 [INF] Request starting "HTTP/1.1" "GET" "http"://"localhost:5128""""/swagger/v1/swagger.json""" - null null (d509f86a)
2024-05-04T09:00:33.4695217-03:00 0HN3C6766ESIN:00000002 [INF] Request finished "HTTP/1.1" "GET" "http"://"localhost:5128""""/swagger/v1/swagger.json""" - 200 null "application/json;charset=utf-8" 85.3303ms (74253ad3)
2024-05-04T09:01:01.8021015-03:00 0HN3C6766ESIN:00000003 [INF] Request starting "HTTP/1.1" "GET" "http"://"localhost:5128""""/swagger/index.html""" - null null (d509f86a)
2024-05-04T09:01:01.8187562-03:00 0HN3C6766ESIN:00000003 [INF] Request finished "HTTP/1.1" "GET" "http"://"localhost:5128""""/swagger/index.html""" - 200 null "text/html;charset=utf-8" 16.9735ms (74253ad3)
2024-05-04T09:01:01.8995042-03:00 0HN3C6766ESIN:00000004 [INF] Request starting "HTTP/1.1" "GET" "http"://"localhost:5128""""/_vs/browserLink""" - null null (d509f86a)
2024-05-04T09:01:01.8999140-03:00 0HN3C6766ESIM:00000003 [INF] Request starting "HTTP/1.1" "GET" "http"://"localhost:5128""""/_framework/aspnetcore-browser-refresh.js""" - null null (d509f86a)
2024-05-04T09:01:01.9001019-03:00 0HN3C6766ESIM:00000003 [INF] Request finished "HTTP/1.1" "GET" "http"://"localhost:5128""""/_framework/aspnetcore-browser-refresh.js""" - 200 13752 "application/javascript; charset=utf-8" 0.2265ms (74253ad3)
2024-05-04T09:01:01.9096975-03:00 0HN3C6766ESIN:00000004 [INF] Request finished "HTTP/1.1" "GET" "http"://"localhost:5128""""/_vs/browserLink""" - 200 null "text/javascript; charset=UTF-8" 10.2388ms (74253ad3)
2024-05-04T09:01:01.9533691-03:00 0HN3C6766ESIN:00000005 [INF] Request starting "HTTP/1.1" "GET" "http"://"localhost:5128""""/swagger/v1/swagger.json""" - null null (d509f86a)
2024-05-04T09:01:01.9586433-03:00 0HN3C6766ESIN:00000005 [INF] Request finished "HTTP/1.1" "GET" "http"://"localhost:5128""""/swagger/v1/swagger.json""" - 200 null "application/json;charset=utf-8" 5.3201ms (74253ad3)
2024-05-04T09:02:48.3180175-03:00  [INF] Now listening on: "http://localhost:5128" (d826f4b8)
2024-05-04T09:02:48.4031114-03:00  [INF] Application started. Press Ctrl+C to shut down. (dcaefe54)
2024-05-04T09:02:48.4056959-03:00  [INF] Hosting environment: "Development" (bc5a1a4e)
2024-05-04T09:02:48.4083526-03:00  [INF] Content root path: "C:\Users\cris\Desktop\cj\Paradigmas\apiWebDB" (cc26f24e)
2024-05-04T09:02:48.9342351-03:00 0HN3C68EU9AHO:00000001 [INF] Request starting "HTTP/1.1" "GET" "http"://"localhost:5128""""/swagger/index.html""" - null null (d509f86a)
2024-05-04T09:02:49.1221762-03:00 0HN3C68EU9AHO:00000001 [INF] Request finished "HTTP/1.1" "GET" "http"://"localhost:5128""""/swagger/index.html""" - 200 null "text/html;charset=utf-8" 193.2825ms (74253ad3)
2024-05-04T09:02:49.2376963-03:00 0HN3C68EU9AHO:00000002 [INF] Request starting "HTTP/1.1" "GET" "http"://"localhost:5128""""/_framework/aspnetcore-browser-refresh.js""" - null null (d509f86a)
2024-05-04T09:02:49.2383128-03:00 0HN3C68EU9AHN:00000001 [INF] Request starting "HTTP/1.1" "GET" "http"://"localhost:5128""""/_vs/browserLink""" - null null (d509f86a)
2024-05-04T09:02:49.2397441-03:00 0HN3C68EU9AHO:00000002 [INF] Request finished "HTTP/1.1" "GET" "http"://"localhost:5128""""/_framework/aspnetcore-browser-refresh.js""" - 200 13752 "application/javascript; charset=utf-8" 2.2518ms (74253ad3)
2024-05-04T09:02:49.2653720-03:00 0HN3C68EU9AHN:00000001 [INF] Request finished "HTTP/1.1" "GET" "http"://"localhost:5128""""/_vs/browserLink""" - 200 null "text/javascript; charset=UTF-8" 27.0814ms (74253ad3)
2024-05-04T09:02:49.3669301-03:00 0HN3C68EU9AHN:00000002 [INF] Request starting "HTTP/1.1" "GET" "http"://"localhost:5128""""/swagger/v1/swagger.json""" - null null (d509f86a)
2024-05-04T09:02:49.4577581-03:00 0HN3C68EU9AHN:00000002 [INF] Request finished "HTTP/1.1" "GET" "http"://"localhost:5128""""/swagger/v1/swagger.json""" - 200 null "application/json;charset=utf-8" 90.8823ms (74253ad3)
2024-05-04T09:03:57.9910040-03:00  [INF] Now listening on: "http://localhost:5128" (d826f4b8)
2024-05-04T09:03:58.0708426-03:00  [INF] Application started. Press Ctrl+C to shut down. (dcaefe54)
2024-05-04T09:03:58.0734587-03:00  [INF] Hosting environment: "Development" (bc5a1a4e)
2024-05-04T09:03:58.0752298-03:00  [INF] Content root path: "C:\Users\cris\Desktop\cj\Paradigmas\apiWebDB" (cc26f24e)
2024-05-04T09:03:58.5036804-03:00 0HN3C693MM60F:00000001 [INF] Request starting "HTTP/1.1" "GET" "http"://"localhost:5128""""/swagger/index.html""" - null null (d509f86a)
2024-05-04T09:03:58.6671314-03:00 0HN3C693MM60F:00000001 [INF] Request finished "HTTP/1.1" "GET" "http"://"localhost:5128""""/swagger/index.html""" - 200 null "text/html;charset=utf-8" 167.4932ms (74253ad3)
2024-05-04T09:03:58.8202093-03:00 0HN3C693MM60F:00000002 [INF] Request starting "HTTP/1.1" "GET" "http"://"localhost:5128""""/_framework/aspnetcore-browser-refresh.js""" - null null (d509f86a)
2024-05-04T09:03:58.8202093-03:00 0HN3C693MM60G:00000001 [INF] Request starting "HTTP/1.1" "GET" "http"://"localhost:5128""""/_vs/browserLink""" - null null (d509f86a)
2024-05-04T09:03:58.8219396-03:00 0HN3C693MM60F:00000002 [INF] Request finished "HTTP/1.1" "GET" "http"://"localhost:5128""""/_framework/aspnetcore-browser-refresh.js""" - 200 13752 "application/javascript; charset=utf-8" 1.8009ms (74253ad3)
2024-05-04T09:03:58.8479994-03:00 0HN3C693MM60G:00000001 [INF] Request finished "HTTP/1.1" "GET" "http"://"localhost:5128""""/_vs/browserLink""" - 200 null "text/javascript; charset=UTF-8" 27.8932ms (74253ad3)
2024-05-04T09:03:58.9972887-03:00 0HN3C693MM60G:00000002 [INF] Request starting "HTTP/1.1" "GET" "http"://"localhost:5128""""/swagger/v1/swagger.json""" - null null (d509f86a)
2024-05-04T09:03:59.1064585-03:00 0HN3C693MM60G:00000002 [INF] Request finished "HTTP/1.1" "GET" "http"://"localhost:5128""""/swagger/v1/swagger.json""" - 200 null "application/json;charset=utf-8" 109.2596ms (74253ad3)
2024-05-04T09:04:36.6828469-03:00 0HN3C693MM60G:00000003 [INF] Request starting "HTTP/1.1" "GET" "http"://"localhost:5128""""/api/Endereco""" - null null (d509f86a)
2024-05-04T09:04:36.6896033-03:00 0HN3C693MM60G:00000003 [INF] Executing endpoint '"apiWebDB.Controllers.EnderecoController.Get (apiWebDB)"' (500cc934)
2024-05-04T09:04:36.7061328-03:00 0HN3C693MM60G:00000003 [INF] Route matched with "{action = \"Get\", controller = \"Endereco\"}". Executing controller action with signature "Microsoft.AspNetCore.Mvc.ActionResult`1[apiWebDB.BaseDados.Models.TbEndereco] Get()" on controller "apiWebDB.Controllers.EnderecoController" ("apiWebDB"). (122b2fdf)
2024-05-04T09:04:38.2194799-03:00 0HN3C693MM60G:00000003 [INF] Executed DbCommand ("23"ms) [Parameters=[""], CommandType='Text', CommandTimeout='30']"
""SELECT t.id, t.bairro, t.cep, t.cidade, t.clienteid, t.complemento, t.logradouro, t.numero, t.status, t.uf
FROM tb_enderecos AS t" (0723d8ff)
2024-05-04T09:04:38.2990759-03:00 0HN3C693MM60G:00000003 [INF] Executing "OkObjectResult", writing value of type '"System.Collections.Generic.List`1[[apiWebDB.BaseDados.Models.TbEndereco, apiWebDB, Version=1.0.0.0, Culture=neutral, PublicKeyToken=null]]"'. (605b4265)
2024-05-04T09:04:38.3082162-03:00 0HN3C693MM60G:00000003 [INF] Executed action "apiWebDB.Controllers.EnderecoController.Get (apiWebDB)" in 1599.5476ms (afa2e885)
2024-05-04T09:04:38.3083006-03:00 0HN3C693MM60G:00000003 [INF] Executed endpoint '"apiWebDB.Controllers.EnderecoController.Get (apiWebDB)"' (99874f2b)
2024-05-04T09:04:38.3124423-03:00 0HN3C693MM60G:00000003 [INF] Request finished "HTTP/1.1" "GET" "http"://"localhost:5128""""/api/Endereco""" - 200 null "application/json; charset=utf-8" 1629.712ms (74253ad3)
2024-05-04T09:05:32.0468428-03:00  [INF] Now listening on: "http://localhost:5128" (d826f4b8)
2024-05-04T09:05:32.1275466-03:00  [INF] Application started. Press Ctrl+C to shut down. (dcaefe54)
2024-05-04T09:05:32.1304037-03:00  [INF] Hosting environment: "Development" (bc5a1a4e)
2024-05-04T09:05:32.1329370-03:00  [INF] Content root path: "C:\Users\cris\Desktop\cj\Paradigmas\apiWebDB" (cc26f24e)
2024-05-04T09:05:33.0617860-03:00 0HN3C69VPTM1E:00000001 [INF] Request starting "HTTP/1.1" "GET" "http"://"localhost:5128""""/swagger/index.html""" - null null (d509f86a)
2024-05-04T09:05:33.2187128-03:00 0HN3C69VPTM1E:00000001 [INF] Request finished "HTTP/1.1" "GET" "http"://"localhost:5128""""/swagger/index.html""" - 200 null "text/html;charset=utf-8" 162.8013ms (74253ad3)
2024-05-04T09:05:33.3358028-03:00 0HN3C69VPTM1E:00000002 [INF] Request starting "HTTP/1.1" "GET" "http"://"localhost:5128""""/_framework/aspnetcore-browser-refresh.js""" - null null (d509f86a)
2024-05-04T09:05:33.3358095-03:00 0HN3C69VPTM1F:00000001 [INF] Request starting "HTTP/1.1" "GET" "http"://"localhost:5128""""/_vs/browserLink""" - null null (d509f86a)
2024-05-04T09:05:33.3371335-03:00 0HN3C69VPTM1E:00000002 [INF] Request finished "HTTP/1.1" "GET" "http"://"localhost:5128""""/_framework/aspnetcore-browser-refresh.js""" - 200 13752 "application/javascript; charset=utf-8" 1.4376ms (74253ad3)
2024-05-04T09:05:33.3600290-03:00 0HN3C69VPTM1F:00000001 [INF] Request finished "HTTP/1.1" "GET" "http"://"localhost:5128""""/_vs/browserLink""" - 200 null "text/javascript; charset=UTF-8" 24.2086ms (74253ad3)
2024-05-04T09:05:33.5011800-03:00 0HN3C69VPTM1F:00000002 [INF] Request starting "HTTP/1.1" "GET" "http"://"localhost:5128""""/swagger/v1/swagger.json""" - null null (d509f86a)
2024-05-04T09:05:33.5799226-03:00 0HN3C69VPTM1F:00000002 [INF] Request finished "HTTP/1.1" "GET" "http"://"localhost:5128""""/swagger/v1/swagger.json""" - 200 null "application/json;charset=utf-8" 78.8045ms (74253ad3)
2024-05-04T09:33:48.4500576-03:00  [INF] Now listening on: "http://localhost:5128" (d826f4b8)
2024-05-04T09:33:48.5329710-03:00  [INF] Application started. Press Ctrl+C to shut down. (dcaefe54)
2024-05-04T09:33:48.5352739-03:00  [INF] Hosting environment: "Development" (bc5a1a4e)
2024-05-04T09:33:48.5370343-03:00  [INF] Content root path: "C:\Users\cris\Desktop\cj\Paradigmas\apiWebDB" (cc26f24e)
2024-05-04T09:33:49.4081456-03:00 0HN3C6PPA6PJ1:00000001 [INF] Request starting "HTTP/1.1" "GET" "http"://"localhost:5128""""/swagger/index.html""" - null null (d509f86a)
2024-05-04T09:33:49.5857834-03:00 0HN3C6PPA6PJ1:00000001 [INF] Request finished "HTTP/1.1" "GET" "http"://"localhost:5128""""/swagger/index.html""" - 200 null "text/html;charset=utf-8" 184.065ms (74253ad3)
2024-05-04T09:33:49.7222386-03:00 0HN3C6PPA6PJ1:00000002 [INF] Request starting "HTTP/1.1" "GET" "http"://"localhost:5128""""/_framework/aspnetcore-browser-refresh.js""" - null null (d509f86a)
2024-05-04T09:33:49.7278107-03:00 0HN3C6PPA6PJ2:00000001 [INF] Request starting "HTTP/1.1" "GET" "http"://"localhost:5128""""/_vs/browserLink""" - null null (d509f86a)
2024-05-04T09:33:49.7301089-03:00 0HN3C6PPA6PJ1:00000002 [INF] Request finished "HTTP/1.1" "GET" "http"://"localhost:5128""""/_framework/aspnetcore-browser-refresh.js""" - 200 13752 "application/javascript; charset=utf-8" 8.1168ms (74253ad3)
2024-05-04T09:33:49.7576802-03:00 0HN3C6PPA6PJ2:00000001 [INF] Request finished "HTTP/1.1" "GET" "http"://"localhost:5128""""/_vs/browserLink""" - 200 null "text/javascript; charset=UTF-8" 30.8095ms (74253ad3)
2024-05-04T09:33:49.8898860-03:00 0HN3C6PPA6PJ2:00000002 [INF] Request starting "HTTP/1.1" "GET" "http"://"localhost:5128""""/swagger/v1/swagger.json""" - null null (d509f86a)
2024-05-04T09:33:49.9911347-03:00 0HN3C6PPA6PJ2:00000002 [INF] Request finished "HTTP/1.1" "GET" "http"://"localhost:5128""""/swagger/v1/swagger.json""" - 200 null "application/json;charset=utf-8" 101.2928ms (74253ad3)
2024-05-04T09:41:40.2864922-03:00  [INF] Now listening on: "http://localhost:5128" (d826f4b8)
2024-05-04T09:41:40.3631764-03:00  [INF] Application started. Press Ctrl+C to shut down. (dcaefe54)
2024-05-04T09:41:40.3663099-03:00  [INF] Hosting environment: "Development" (bc5a1a4e)
2024-05-04T09:41:40.3678810-03:00  [INF] Content root path: "C:\Users\cris\Desktop\cj\Paradigmas\apiWebDB" (cc26f24e)
2024-05-04T09:41:40.8468315-03:00 0HN3C6U5TEMRO:00000001 [INF] Request starting "HTTP/1.1" "GET" "http"://"localhost:5128""""/swagger/index.html""" - null null (d509f86a)
2024-05-04T09:41:40.9977150-03:00 0HN3C6U5TEMRO:00000001 [INF] Request finished "HTTP/1.1" "GET" "http"://"localhost:5128""""/swagger/index.html""" - 200 null "text/html;charset=utf-8" 155.3466ms (74253ad3)
2024-05-04T09:41:41.1587143-03:00 0HN3C6U5TEMRP:00000001 [INF] Request starting "HTTP/1.1" "GET" "http"://"localhost:5128""""/_vs/browserLink""" - null null (d509f86a)
2024-05-04T09:41:41.1587494-03:00 0HN3C6U5TEMRO:00000002 [INF] Request starting "HTTP/1.1" "GET" "http"://"localhost:5128""""/_framework/aspnetcore-browser-refresh.js""" - null null (d509f86a)
2024-05-04T09:41:41.1605715-03:00 0HN3C6U5TEMRO:00000002 [INF] Request finished "HTTP/1.1" "GET" "http"://"localhost:5128""""/_framework/aspnetcore-browser-refresh.js""" - 200 13752 "application/javascript; charset=utf-8" 1.784ms (74253ad3)
2024-05-04T09:41:41.1888923-03:00 0HN3C6U5TEMRP:00000001 [INF] Request finished "HTTP/1.1" "GET" "http"://"localhost:5128""""/_vs/browserLink""" - 200 null "text/javascript; charset=UTF-8" 30.3535ms (74253ad3)
2024-05-04T09:41:41.3580012-03:00 0HN3C6U5TEMRP:00000002 [INF] Request starting "HTTP/1.1" "GET" "http"://"localhost:5128""""/swagger/v1/swagger.json""" - null null (d509f86a)
2024-05-04T09:41:41.4441968-03:00 0HN3C6U5TEMRP:00000002 [INF] Request finished "HTTP/1.1" "GET" "http"://"localhost:5128""""/swagger/v1/swagger.json""" - 200 null "application/json;charset=utf-8" 86.2523ms (74253ad3)
2024-05-04T09:45:48.1810632-03:00  [INF] Now listening on: "http://localhost:5128" (d826f4b8)
2024-05-04T09:45:48.2650520-03:00  [INF] Application started. Press Ctrl+C to shut down. (dcaefe54)
2024-05-04T09:45:48.2692988-03:00  [INF] Hosting environment: "Development" (bc5a1a4e)
2024-05-04T09:45:48.2724539-03:00  [INF] Content root path: "C:\Users\cris\Desktop\cj\Paradigmas\apiWebDB" (cc26f24e)
2024-05-04T09:45:48.4588620-03:00 0HN3C70FNE5KV:00000001 [INF] Request starting "HTTP/1.1" "GET" "http"://"localhost:5128""""/swagger/index.html""" - null null (d509f86a)
2024-05-04T09:45:48.6231613-03:00 0HN3C70FNE5KV:00000001 [INF] Request finished "HTTP/1.1" "GET" "http"://"localhost:5128""""/swagger/index.html""" - 200 null "text/html;charset=utf-8" 168.7305ms (74253ad3)
2024-05-04T09:45:48.7350148-03:00 0HN3C70FNE5L0:00000001 [INF] Request starting "HTTP/1.1" "GET" "http"://"localhost:5128""""/_vs/browserLink""" - null null (d509f86a)
2024-05-04T09:45:48.7350532-03:00 0HN3C70FNE5KV:00000002 [INF] Request starting "HTTP/1.1" "GET" "http"://"localhost:5128""""/_framework/aspnetcore-browser-refresh.js""" - null null (d509f86a)
2024-05-04T09:45:48.7369338-03:00 0HN3C70FNE5KV:00000002 [INF] Request finished "HTTP/1.1" "GET" "http"://"localhost:5128""""/_framework/aspnetcore-browser-refresh.js""" - 200 13752 "application/javascript; charset=utf-8" 1.9981ms (74253ad3)
2024-05-04T09:45:48.7681567-03:00 0HN3C70FNE5L0:00000001 [INF] Request finished "HTTP/1.1" "GET" "http"://"localhost:5128""""/_vs/browserLink""" - 200 null "text/javascript; charset=UTF-8" 33.2929ms (74253ad3)
2024-05-04T09:45:48.9327607-03:00 0HN3C70FNE5L0:00000002 [INF] Request starting "HTTP/1.1" "GET" "http"://"localhost:5128""""/swagger/v1/swagger.json""" - null null (d509f86a)
2024-05-04T09:45:49.0140991-03:00 0HN3C70FNE5L0:00000002 [INF] Request finished "HTTP/1.1" "GET" "http"://"localhost:5128""""/swagger/v1/swagger.json""" - 200 null "application/json;charset=utf-8" 81.3684ms (74253ad3)
2024-05-04T09:46:20.0360525-03:00  [INF] Now listening on: "http://localhost:5128" (d826f4b8)
2024-05-04T09:46:20.1193859-03:00  [INF] Application started. Press Ctrl+C to shut down. (dcaefe54)
2024-05-04T09:46:20.1216262-03:00  [INF] Hosting environment: "Development" (bc5a1a4e)
2024-05-04T09:46:20.1228332-03:00  [INF] Content root path: "C:\Users\cris\Desktop\cj\Paradigmas\apiWebDB" (cc26f24e)
2024-05-04T09:46:20.6727815-03:00 0HN3C70PAH1K3:00000001 [INF] Request starting "HTTP/1.1" "GET" "http"://"localhost:5128""""/swagger/index.html""" - null null (d509f86a)
2024-05-04T09:46:20.8274811-03:00 0HN3C70PAH1K3:00000001 [INF] Request finished "HTTP/1.1" "GET" "http"://"localhost:5128""""/swagger/index.html""" - 200 null "text/html;charset=utf-8" 160.49ms (74253ad3)
2024-05-04T09:46:21.0143446-03:00 0HN3C70PAH1K3:00000002 [INF] Request starting "HTTP/1.1" "GET" "http"://"localhost:5128""""/_framework/aspnetcore-browser-refresh.js""" - null null (d509f86a)
2024-05-04T09:46:21.0148799-03:00 0HN3C70PAH1K2:00000001 [INF] Request starting "HTTP/1.1" "GET" "http"://"localhost:5128""""/_vs/browserLink""" - null null (d509f86a)
2024-05-04T09:46:21.0178572-03:00 0HN3C70PAH1K3:00000002 [INF] Request finished "HTTP/1.1" "GET" "http"://"localhost:5128""""/_framework/aspnetcore-browser-refresh.js""" - 200 13752 "application/javascript; charset=utf-8" 4.0588ms (74253ad3)
2024-05-04T09:46:21.0682775-03:00 0HN3C70PAH1K2:00000001 [INF] Request finished "HTTP/1.1" "GET" "http"://"localhost:5128""""/_vs/browserLink""" - 200 null "text/javascript; charset=UTF-8" 53.5176ms (74253ad3)
2024-05-04T09:46:21.2562173-03:00 0HN3C70PAH1K2:00000002 [INF] Request starting "HTTP/1.1" "GET" "http"://"localhost:5128""""/swagger/v1/swagger.json""" - null null (d509f86a)
2024-05-04T09:46:21.3390337-03:00 0HN3C70PAH1K2:00000002 [INF] Request finished "HTTP/1.1" "GET" "http"://"localhost:5128""""/swagger/v1/swagger.json""" - 200 null "application/json;charset=utf-8" 82.8521ms (74253ad3)
2024-05-04T15:06:11.2621494-03:00  [INF] Now listening on: "http://localhost:5128" (d826f4b8)
2024-05-04T15:06:11.3441751-03:00  [INF] Application started. Press Ctrl+C to shut down. (dcaefe54)
2024-05-04T15:06:11.3465298-03:00  [INF] Hosting environment: "Development" (bc5a1a4e)
2024-05-04T15:06:11.3476868-03:00  [INF] Content root path: "C:\Users\cris\Desktop\cj\Paradigmas\apiWebDB" (cc26f24e)
2024-05-04T15:06:11.7371839-03:00 0HN3CCJGLOV4E:00000001 [INF] Request starting "HTTP/1.1" "GET" "http"://"localhost:5128""""/swagger/index.html""" - null null (d509f86a)
2024-05-04T15:06:11.8886354-03:00 0HN3CCJGLOV4E:00000001 [INF] Request finished "HTTP/1.1" "GET" "http"://"localhost:5128""""/swagger/index.html""" - 200 null "text/html;charset=utf-8" 156.2892ms (74253ad3)
2024-05-04T15:06:12.0061563-03:00 0HN3CCJGLOV4F:00000001 [INF] Request starting "HTTP/1.1" "GET" "http"://"localhost:5128""""/_vs/browserLink""" - null null (d509f86a)
2024-05-04T15:06:12.0061478-03:00 0HN3CCJGLOV4E:00000002 [INF] Request starting "HTTP/1.1" "GET" "http"://"localhost:5128""""/_framework/aspnetcore-browser-refresh.js""" - null null (d509f86a)
2024-05-04T15:06:12.0085678-03:00 0HN3CCJGLOV4E:00000002 [INF] Request finished "HTTP/1.1" "GET" "http"://"localhost:5128""""/_framework/aspnetcore-browser-refresh.js""" - 200 13752 "application/javascript; charset=utf-8" 2.4822ms (74253ad3)
2024-05-04T15:06:12.0364777-03:00 0HN3CCJGLOV4F:00000001 [INF] Request finished "HTTP/1.1" "GET" "http"://"localhost:5128""""/_vs/browserLink""" - 200 null "text/javascript; charset=UTF-8" 30.3076ms (74253ad3)
2024-05-04T15:06:12.2397297-03:00 0HN3CCJGLOV4F:00000002 [INF] Request starting "HTTP/1.1" "GET" "http"://"localhost:5128""""/swagger/v1/swagger.json""" - null null (d509f86a)
2024-05-04T15:06:12.3239647-03:00 0HN3CCJGLOV4F:00000002 [INF] Request finished "HTTP/1.1" "GET" "http"://"localhost:5128""""/swagger/v1/swagger.json""" - 200 null "application/json;charset=utf-8" 84.369ms (74253ad3)
