2024-04-30T19:23:36.9394729-03:00  [INF] Now listening on: "http://localhost:5128" (d826f4b8)
2024-04-30T19:23:37.0579879-03:00  [INF] Application started. Press Ctrl+C to shut down. (dcaefe54)
2024-04-30T19:23:37.0608253-03:00  [INF] Hosting environment: "Development" (bc5a1a4e)
2024-04-30T19:23:37.0623191-03:00  [INF] Content root path: "C:\Users\cris\Desktop\cj\Paradigmas\apiWebDB" (cc26f24e)
2024-04-30T19:23:38.0305279-03:00 0HN39CGN3TQ00:00000001 [INF] Request starting "HTTP/1.1" "GET" "http"://"localhost:5128""""/swagger/index.html""" - null null (d509f86a)
2024-04-30T19:23:38.1992466-03:00 0HN39CGN3TQ00:00000001 [INF] Request finished "HTTP/1.1" "GET" "http"://"localhost:5128""""/swagger/index.html""" - 200 null "text/html;charset=utf-8" 175.57ms (74253ad3)
2024-04-30T19:23:38.3141639-03:00 0HN39CGN3TQ00:00000002 [INF] Request starting "HTTP/1.1" "GET" "http"://"localhost:5128""""/_framework/aspnetcore-browser-refresh.js""" - null null (d509f86a)
2024-04-30T19:23:38.3144703-03:00 0HN39CGN3TPVV:00000001 [INF] Request starting "HTTP/1.1" "GET" "http"://"localhost:5128""""/_vs/browserLink""" - null null (d509f86a)
2024-04-30T19:23:38.3157324-03:00 0HN39CGN3TQ00:00000002 [INF] Request finished "HTTP/1.1" "GET" "http"://"localhost:5128""""/_framework/aspnetcore-browser-refresh.js""" - 200 13752 "application/javascript; charset=utf-8" 1.8302ms (74253ad3)
2024-04-30T19:23:38.3458997-03:00 0HN39CGN3TPVV:00000001 [INF] Request finished "HTTP/1.1" "GET" "http"://"localhost:5128""""/_vs/browserLink""" - 200 null "text/javascript; charset=UTF-8" 31.5311ms (74253ad3)
2024-04-30T19:23:38.6648562-03:00 0HN39CGN3TPVV:00000002 [INF] Request starting "HTTP/1.1" "GET" "http"://"localhost:5128""""/swagger/v1/swagger.json""" - null null (d509f86a)
2024-04-30T19:23:38.7525524-03:00 0HN39CGN3TPVV:00000002 [INF] Request finished "HTTP/1.1" "GET" "http"://"localhost:5128""""/swagger/v1/swagger.json""" - 200 null "application/json;charset=utf-8" 87.8211ms (74253ad3)
2024-04-30T19:23:44.6311408-03:00 0HN39CGN3TPVV:00000003 [INF] Request starting "HTTP/1.1" "GET" "http"://"localhost:5128""""/api/Clientes""" - null null (d509f86a)
2024-04-30T19:23:44.6370170-03:00 0HN39CGN3TPVV:00000003 [INF] Executing endpoint '"apiWebDB.Controllers.ClientesController.Get (apiWebDB)"' (500cc934)
2024-04-30T19:23:44.6570628-03:00 0HN39CGN3TPVV:00000003 [INF] Route matched with "{action = \"Get\", controller = \"Clientes\"}". Executing controller action with signature "Microsoft.AspNetCore.Mvc.ActionResult`1[apiWebDB.BaseDados.Models.TbCliente] Get()" on controller "apiWebDB.Controllers.ClientesController" ("apiWebDB"). (122b2fdf)
2024-04-30T19:23:45.8967245-03:00 0HN39CGN3TPVV:00000003 [INF] Executed DbCommand ("17"ms) [Parameters=[""], CommandType='Text', CommandTimeout='30']"
""SELECT t.id, t.alteradoem, t.criadoem, t.documento, t.nascimento, t.nome, t.telefone, t.tipodoc
FROM tb_clientes AS t" (0723d8ff)
2024-04-30T19:23:46.0021468-03:00 0HN39CGN3TPVV:00000003 [INF] Executing "OkObjectResult", writing value of type '"System.Collections.Generic.List`1[[apiWebDB.BaseDados.Models.TbCliente, apiWebDB, Version=1.0.0.0, Culture=neutral, PublicKeyToken=null]]"'. (605b4265)
2024-04-30T19:23:46.0157992-03:00 0HN39CGN3TPVV:00000003 [INF] Executed action "apiWebDB.Controllers.ClientesController.Get (apiWebDB)" in 1355.6858ms (afa2e885)
2024-04-30T19:23:46.0159002-03:00 0HN39CGN3TPVV:00000003 [INF] Executed endpoint '"apiWebDB.Controllers.ClientesController.Get (apiWebDB)"' (99874f2b)
2024-04-30T19:23:46.0222473-03:00 0HN39CGN3TPVV:00000003 [INF] Request finished "HTTP/1.1" "GET" "http"://"localhost:5128""""/api/Clientes""" - 200 null "application/json; charset=utf-8" 1391.1571ms (74253ad3)
2024-04-30T19:57:16.7176885-03:00  [INF] Now listening on: "http://localhost:5128" (d826f4b8)
2024-04-30T19:57:17.2418478-03:00  [INF] Application started. Press Ctrl+C to shut down. (dcaefe54)
2024-04-30T19:57:17.2448074-03:00  [INF] Hosting environment: "Development" (bc5a1a4e)
2024-04-30T19:57:17.2467590-03:00  [INF] Content root path: "C:\Users\cris\Desktop\cj\Paradigmas\apiWebDB" (cc26f24e)
2024-04-30T19:57:18.5475901-03:00 0HN39D3H1QCKQ:00000001 [INF] Request starting "HTTP/1.1" "GET" "http"://"localhost:5128""""/swagger/index.html""" - null null (d509f86a)
2024-04-30T19:57:18.7911673-03:00 0HN39D3H1QCKQ:00000001 [INF] Request finished "HTTP/1.1" "GET" "http"://"localhost:5128""""/swagger/index.html""" - 200 null "text/html;charset=utf-8" 249.1732ms (74253ad3)
2024-04-30T19:57:19.1072307-03:00 0HN39D3H1QCKR:00000001 [INF] Request starting "HTTP/1.1" "GET" "http"://"localhost:5128""""/_vs/browserLink""" - null null (d509f86a)
2024-04-30T19:57:19.1072308-03:00 0HN39D3H1QCKQ:00000002 [INF] Request starting "HTTP/1.1" "GET" "http"://"localhost:5128""""/_framework/aspnetcore-browser-refresh.js""" - null null (d509f86a)
2024-04-30T19:57:19.1227900-03:00 0HN39D3H1QCKQ:00000002 [INF] Request finished "HTTP/1.1" "GET" "http"://"localhost:5128""""/_framework/aspnetcore-browser-refresh.js""" - 200 13752 "application/javascript; charset=utf-8" 15.8168ms (74253ad3)
2024-04-30T19:57:19.3931167-03:00 0HN39D3H1QCKR:00000001 [INF] Request finished "HTTP/1.1" "GET" "http"://"localhost:5128""""/_vs/browserLink""" - 200 null "text/javascript; charset=UTF-8" 286.5856ms (74253ad3)
2024-04-30T19:57:19.5729093-03:00 0HN39D3H1QCKR:00000002 [INF] Request starting "HTTP/1.1" "GET" "http"://"localhost:5128""""/swagger/v1/swagger.json""" - null null (d509f86a)
2024-04-30T19:57:19.6487807-03:00 0HN39D3H1QCKR:00000002 [INF] Request finished "HTTP/1.1" "GET" "http"://"localhost:5128""""/swagger/v1/swagger.json""" - 200 null "application/json;charset=utf-8" 75.9671ms (74253ad3)
2024-04-30T19:57:50.9078361-03:00 0HN39D3H1QCKR:00000003 [INF] Request starting "HTTP/1.1" "POST" "http"://"localhost:5128""""/api/Endereco""" - "application/json" 191 (d509f86a)
2024-04-30T19:57:50.9287985-03:00 0HN39D3H1QCKR:00000003 [INF] Executing endpoint '"apiWebDB.Controllers.EnderecoController.Insert (apiWebDB)"' (500cc934)
2024-04-30T19:57:50.9695153-03:00 0HN39D3H1QCKR:00000003 [INF] Route matched with "{action = \"Insert\", controller = \"Endereco\"}". Executing controller action with signature "Microsoft.AspNetCore.Mvc.ActionResult`1[apiWebDB.BaseDados.Models.TbEndereco] Insert(apiWebDB.Services.DTOs.EnderecoDTO)" on controller "apiWebDB.Controllers.EnderecoController" ("apiWebDB"). (122b2fdf)
2024-04-30T19:57:50.9766729-03:00 0HN39D3H1QCKR:00000003 [INF] Executed action "apiWebDB.Controllers.EnderecoController.Insert (apiWebDB)" in 2.6721ms (afa2e885)
2024-04-30T19:57:50.9777090-03:00 0HN39D3H1QCKR:00000003 [INF] Executed endpoint '"apiWebDB.Controllers.EnderecoController.Insert (apiWebDB)"' (99874f2b)
2024-04-30T19:57:51.0795700-03:00 0HN39D3H1QCKR:00000003 [ERR] An unhandled exception has occurred while executing the request. (48a46595)
System.InvalidOperationException: Unable to resolve service for type 'apiWebDB.Services.EnderecoService' while attempting to activate 'apiWebDB.Controllers.EnderecoController'.
   at Microsoft.Extensions.DependencyInjection.ActivatorUtilities.ThrowHelperUnableToResolveService(Type type, Type requiredBy)
   at lambda_method3(Closure, IServiceProvider, Object[])
   at Microsoft.AspNetCore.Mvc.Controllers.ControllerFactoryProvider.<>c__DisplayClass6_0.<CreateControllerFactory>g__CreateController|0(ControllerContext controllerContext)
   at Microsoft.AspNetCore.Mvc.Infrastructure.ControllerActionInvoker.Next(State& next, Scope& scope, Object& state, Boolean& isCompleted)
   at Microsoft.AspNetCore.Mvc.Infrastructure.ControllerActionInvoker.InvokeInnerFilterAsync()
--- End of stack trace from previous location ---
   at Microsoft.AspNetCore.Mvc.Infrastructure.ResourceInvoker.<InvokeFilterPipelineAsync>g__Awaited|20_0(ResourceInvoker invoker, Task lastTask, State next, Scope scope, Object state, Boolean isCompleted)
   at Microsoft.AspNetCore.Mvc.Infrastructure.ResourceInvoker.<InvokeAsync>g__Logged|17_1(ResourceInvoker invoker)
   at Microsoft.AspNetCore.Mvc.Infrastructure.ResourceInvoker.<InvokeAsync>g__Logged|17_1(ResourceInvoker invoker)
   at Microsoft.AspNetCore.Routing.EndpointMiddleware.<Invoke>g__AwaitRequestTask|7_0(Endpoint endpoint, Task requestTask, ILogger logger)
   at Microsoft.AspNetCore.Authorization.AuthorizationMiddleware.Invoke(HttpContext context)
   at Swashbuckle.AspNetCore.SwaggerUI.SwaggerUIMiddleware.Invoke(HttpContext httpContext)
   at Swashbuckle.AspNetCore.Swagger.SwaggerMiddleware.Invoke(HttpContext httpContext, ISwaggerProvider swaggerProvider)
   at Microsoft.AspNetCore.Authentication.AuthenticationMiddleware.Invoke(HttpContext context)
   at Microsoft.AspNetCore.Diagnostics.DeveloperExceptionPageMiddlewareImpl.Invoke(HttpContext context)
2024-04-30T19:57:51.0848162-03:00 0HN39D3H1QCKR:00000003 [INF] Request finished "HTTP/1.1" "POST" "http"://"localhost:5128""""/api/Endereco""" - 500 null "text/plain; charset=utf-8" 177.0239ms (74253ad3)
2024-04-30T19:59:03.4208130-03:00  [INF] Now listening on: "http://localhost:5128" (d826f4b8)
2024-04-30T19:59:03.5604330-03:00  [INF] Application started. Press Ctrl+C to shut down. (dcaefe54)
2024-04-30T19:59:03.5838004-03:00  [INF] Hosting environment: "Development" (bc5a1a4e)
2024-04-30T19:59:03.5876347-03:00  [INF] Content root path: "C:\Users\cris\Desktop\cj\Paradigmas\apiWebDB" (cc26f24e)
2024-04-30T19:59:04.9836749-03:00 0HN39D4GP40BU:00000001 [INF] Request starting "HTTP/1.1" "GET" "http"://"localhost:5128""""/swagger/index.html""" - null null (d509f86a)
2024-04-30T19:59:05.2137737-03:00 0HN39D4GP40BU:00000001 [INF] Request finished "HTTP/1.1" "GET" "http"://"localhost:5128""""/swagger/index.html""" - 200 null "text/html;charset=utf-8" 236.1041ms (74253ad3)
2024-04-30T19:59:05.4651855-03:00 0HN39D4GP40BU:00000002 [INF] Request starting "HTTP/1.1" "GET" "http"://"localhost:5128""""/_framework/aspnetcore-browser-refresh.js""" - null null (d509f86a)
2024-04-30T19:59:05.4671022-03:00 0HN39D4GP40BV:00000001 [INF] Request starting "HTTP/1.1" "GET" "http"://"localhost:5128""""/_vs/browserLink""" - null null (d509f86a)
2024-04-30T19:59:05.4674703-03:00 0HN39D4GP40BU:00000002 [INF] Request finished "HTTP/1.1" "GET" "http"://"localhost:5128""""/_framework/aspnetcore-browser-refresh.js""" - 200 13752 "application/javascript; charset=utf-8" 2.3147ms (74253ad3)
2024-04-30T19:59:05.6352904-03:00 0HN39D4GP40BV:00000001 [INF] Request finished "HTTP/1.1" "GET" "http"://"localhost:5128""""/_vs/browserLink""" - 200 null "text/javascript; charset=UTF-8" 168.2067ms (74253ad3)
2024-04-30T19:59:06.0030879-03:00 0HN39D4GP40BV:00000002 [INF] Request starting "HTTP/1.1" "GET" "http"://"localhost:5128""""/swagger/v1/swagger.json""" - null null (d509f86a)
2024-04-30T19:59:06.0732028-03:00 0HN39D4GP40BV:00000002 [INF] Request finished "HTTP/1.1" "GET" "http"://"localhost:5128""""/swagger/v1/swagger.json""" - 200 null "application/json;charset=utf-8" 70.1978ms (74253ad3)
2024-04-30T19:59:17.7855506-03:00 0HN39D4GP40BV:00000003 [INF] Request starting "HTTP/1.1" "POST" "http"://"localhost:5128""""/api/Endereco""" - "application/json" 184 (d509f86a)
2024-04-30T19:59:17.7923871-03:00 0HN39D4GP40BV:00000003 [INF] Executing endpoint '"apiWebDB.Controllers.EnderecoController.Insert (apiWebDB)"' (500cc934)
2024-04-30T19:59:17.8126893-03:00 0HN39D4GP40BV:00000003 [INF] Route matched with "{action = \"Insert\", controller = \"Endereco\"}". Executing controller action with signature "Microsoft.AspNetCore.Mvc.ActionResult`1[apiWebDB.BaseDados.Models.TbEndereco] Insert(apiWebDB.Services.DTOs.EnderecoDTO)" on controller "apiWebDB.Controllers.EnderecoController" ("apiWebDB"). (122b2fdf)
2024-04-30T19:59:19.0580730-03:00 0HN39D4GP40BV:00000003 [ERR] Failed executing DbCommand ("82"ms) [Parameters=["@p0='?', @p1='?' (DbType = Int32), @p2='?', @p3='?' (DbType = Int32), @p4='?', @p5='?', @p6='?', @p7='?' (DbType = Int32), @p8='?'"], CommandType='Text', CommandTimeout='30']"
""INSERT INTO tb_enderecos (bairro, cep, cidade, clienteid, complemento, logradouro, numero, status, uf)
VALUES (@p0, @p1, @p2, @p3, @p4, @p5, @p6, @p7, @p8)
RETURNING id;" (627a98df)
2024-04-30T19:59:19.1171311-03:00 0HN39D4GP40BV:00000003 [ERR] An exception occurred in the database while saving changes for context type '"apiWebDB.BaseDados.ApidbContext"'."
""Microsoft.EntityFrameworkCore.DbUpdateException: An error occurred while saving the entity changes. See the inner exception for details.
 ---> Npgsql.PostgresException (0x80004005): 22001: value too long for type character varying(2)
   at Npgsql.Internal.NpgsqlConnector.ReadMessageLong(Boolean async, DataRowLoadingMode dataRowLoadingMode, Boolean readingNotifications, Boolean isReadingPrependedMessage)
   at System.Runtime.CompilerServices.PoolingAsyncValueTaskMethodBuilder`1.StateMachineBox`1.System.Threading.Tasks.Sources.IValueTaskSource<TResult>.GetResult(Int16 token)
   at Npgsql.NpgsqlDataReader.NextResult(Boolean async, Boolean isConsuming, CancellationToken cancellationToken)
   at Npgsql.NpgsqlDataReader.NextResult(Boolean async, Boolean isConsuming, CancellationToken cancellationToken)
   at Npgsql.NpgsqlDataReader.NextResult()
   at Npgsql.NpgsqlCommand.ExecuteReader(Boolean async, CommandBehavior behavior, CancellationToken cancellationToken)
   at Npgsql.NpgsqlCommand.ExecuteReader(Boolean async, CommandBehavior behavior, CancellationToken cancellationToken)
   at Npgsql.NpgsqlCommand.ExecuteReader(CommandBehavior behavior)
   at Npgsql.NpgsqlCommand.ExecuteDbDataReader(CommandBehavior behavior)
   at Microsoft.EntityFrameworkCore.Storage.RelationalCommand.ExecuteReader(RelationalCommandParameterObject parameterObject)
   at Microsoft.EntityFrameworkCore.Update.ReaderModificationCommandBatch.Execute(IRelationalConnection connection)
  Exception data:
    Severity: ERROR
    SqlState: 22001
    MessageText: value too long for type character varying(2)
    File: varchar.c
    Line: 635
    Routine: varchar
   --- End of inner exception stack trace ---
   at Microsoft.EntityFrameworkCore.Update.ReaderModificationCommandBatch.Execute(IRelationalConnection connection)
   at Microsoft.EntityFrameworkCore.Update.Internal.BatchExecutor.Execute(IEnumerable`1 commandBatches, IRelationalConnection connection)
   at Microsoft.EntityFrameworkCore.Storage.RelationalDatabase.SaveChanges(IList`1 entries)
   at Microsoft.EntityFrameworkCore.ChangeTracking.Internal.StateManager.SaveChanges(IList`1 entriesToSave)
   at Microsoft.EntityFrameworkCore.ChangeTracking.Internal.StateManager.SaveChanges(StateManager stateManager, Boolean acceptAllChangesOnSuccess)
   at Microsoft.EntityFrameworkCore.ChangeTracking.Internal.StateManager.<>c.<SaveChanges>b__112_0(DbContext _, ValueTuple`2 t)
   at Npgsql.EntityFrameworkCore.PostgreSQL.Storage.Internal.NpgsqlExecutionStrategy.Execute[TState,TResult](TState state, Func`3 operation, Func`3 verifySucceeded)
   at Microsoft.EntityFrameworkCore.ChangeTracking.Internal.StateManager.SaveChanges(Boolean acceptAllChangesOnSuccess)
   at Microsoft.EntityFrameworkCore.DbContext.SaveChanges(Boolean acceptAllChangesOnSuccess)" (170f029e)
Microsoft.EntityFrameworkCore.DbUpdateException: An error occurred while saving the entity changes. See the inner exception for details.
 ---> Npgsql.PostgresException (0x80004005): 22001: value too long for type character varying(2)
   at Npgsql.Internal.NpgsqlConnector.ReadMessageLong(Boolean async, DataRowLoadingMode dataRowLoadingMode, Boolean readingNotifications, Boolean isReadingPrependedMessage)
   at System.Runtime.CompilerServices.PoolingAsyncValueTaskMethodBuilder`1.StateMachineBox`1.System.Threading.Tasks.Sources.IValueTaskSource<TResult>.GetResult(Int16 token)
   at Npgsql.NpgsqlDataReader.NextResult(Boolean async, Boolean isConsuming, CancellationToken cancellationToken)
   at Npgsql.NpgsqlDataReader.NextResult(Boolean async, Boolean isConsuming, CancellationToken cancellationToken)
   at Npgsql.NpgsqlDataReader.NextResult()
   at Npgsql.NpgsqlCommand.ExecuteReader(Boolean async, CommandBehavior behavior, CancellationToken cancellationToken)
   at Npgsql.NpgsqlCommand.ExecuteReader(Boolean async, CommandBehavior behavior, CancellationToken cancellationToken)
   at Npgsql.NpgsqlCommand.ExecuteReader(CommandBehavior behavior)
   at Npgsql.NpgsqlCommand.ExecuteDbDataReader(CommandBehavior behavior)
   at Microsoft.EntityFrameworkCore.Storage.RelationalCommand.ExecuteReader(RelationalCommandParameterObject parameterObject)
   at Microsoft.EntityFrameworkCore.Update.ReaderModificationCommandBatch.Execute(IRelationalConnection connection)
  Exception data:
    Severity: ERROR
    SqlState: 22001
    MessageText: value too long for type character varying(2)
    File: varchar.c
    Line: 635
    Routine: varchar
   --- End of inner exception stack trace ---
   at Microsoft.EntityFrameworkCore.Update.ReaderModificationCommandBatch.Execute(IRelationalConnection connection)
   at Microsoft.EntityFrameworkCore.Update.Internal.BatchExecutor.Execute(IEnumerable`1 commandBatches, IRelationalConnection connection)
   at Microsoft.EntityFrameworkCore.Storage.RelationalDatabase.SaveChanges(IList`1 entries)
   at Microsoft.EntityFrameworkCore.ChangeTracking.Internal.StateManager.SaveChanges(IList`1 entriesToSave)
   at Microsoft.EntityFrameworkCore.ChangeTracking.Internal.StateManager.SaveChanges(StateManager stateManager, Boolean acceptAllChangesOnSuccess)
   at Microsoft.EntityFrameworkCore.ChangeTracking.Internal.StateManager.<>c.<SaveChanges>b__112_0(DbContext _, ValueTuple`2 t)
   at Npgsql.EntityFrameworkCore.PostgreSQL.Storage.Internal.NpgsqlExecutionStrategy.Execute[TState,TResult](TState state, Func`3 operation, Func`3 verifySucceeded)
   at Microsoft.EntityFrameworkCore.ChangeTracking.Internal.StateManager.SaveChanges(Boolean acceptAllChangesOnSuccess)
   at Microsoft.EntityFrameworkCore.DbContext.SaveChanges(Boolean acceptAllChangesOnSuccess)
   at Microsoft.EntityFrameworkCore.DbContext.SaveChanges()
   at apiWebDB.Services.EnderecoService.Insert(EnderecoDTO dto) in C:\Users\cris\Desktop\cj\Paradigmas\apiWebDB\Services\EnderecoService.cs:line 27
   at apiWebDB.Controllers.EnderecoController.Insert(EnderecoDTO endereco) in C:\Users\cris\Desktop\cj\Paradigmas\apiWebDB\Controllers\EnderecoController.cs:line 27
2024-04-30T19:59:19.2308821-03:00 0HN39D4GP40BV:00000003 [INF] Executing "BadRequestObjectResult", writing value of type '"System.String"'. (605b4265)
2024-04-30T19:59:19.2347961-03:00 0HN39D4GP40BV:00000003 [INF] Executed action "apiWebDB.Controllers.EnderecoController.Insert (apiWebDB)" in 1419.1892ms (afa2e885)
2024-04-30T19:59:19.2349031-03:00 0HN39D4GP40BV:00000003 [INF] Executed endpoint '"apiWebDB.Controllers.EnderecoController.Insert (apiWebDB)"' (99874f2b)
2024-04-30T19:59:19.2411863-03:00 0HN39D4GP40BV:00000003 [INF] Request finished "HTTP/1.1" "POST" "http"://"localhost:5128""""/api/Endereco""" - 400 null "text/plain; charset=utf-8" 1455.7027ms (74253ad3)
2024-04-30T19:59:40.3123787-03:00 0HN39D4GP40BV:00000004 [INF] Request starting "HTTP/1.1" "POST" "http"://"localhost:5128""""/api/Endereco""" - "application/json" 191 (d509f86a)
2024-04-30T19:59:40.3138427-03:00 0HN39D4GP40BV:00000004 [INF] Executing endpoint '"apiWebDB.Controllers.EnderecoController.Insert (apiWebDB)"' (500cc934)
2024-04-30T19:59:40.3141984-03:00 0HN39D4GP40BV:00000004 [INF] Route matched with "{action = \"Insert\", controller = \"Endereco\"}". Executing controller action with signature "Microsoft.AspNetCore.Mvc.ActionResult`1[apiWebDB.BaseDados.Models.TbEndereco] Insert(apiWebDB.Services.DTOs.EnderecoDTO)" on controller "apiWebDB.Controllers.EnderecoController" ("apiWebDB"). (122b2fdf)
2024-04-30T19:59:40.4324143-03:00 0HN39D4GP40BV:00000004 [ERR] Failed executing DbCommand ("40"ms) [Parameters=["@p0='?', @p1='?' (DbType = Int32), @p2='?', @p3='?' (DbType = Int32), @p4='?', @p5='?', @p6='?', @p7='?' (DbType = Int32), @p8='?'"], CommandType='Text', CommandTimeout='30']"
""INSERT INTO tb_enderecos (bairro, cep, cidade, clienteid, complemento, logradouro, numero, status, uf)
VALUES (@p0, @p1, @p2, @p3, @p4, @p5, @p6, @p7, @p8)
RETURNING id;" (627a98df)
2024-04-30T19:59:40.4494477-03:00 0HN39D4GP40BV:00000004 [ERR] An exception occurred in the database while saving changes for context type '"apiWebDB.BaseDados.ApidbContext"'."
""Microsoft.EntityFrameworkCore.DbUpdateException: An error occurred while saving the entity changes. See the inner exception for details.
 ---> Npgsql.PostgresException (0x80004005): 22001: value too long for type character varying(2)
   at Npgsql.Internal.NpgsqlConnector.ReadMessageLong(Boolean async, DataRowLoadingMode dataRowLoadingMode, Boolean readingNotifications, Boolean isReadingPrependedMessage)
   at System.Runtime.CompilerServices.PoolingAsyncValueTaskMethodBuilder`1.StateMachineBox`1.System.Threading.Tasks.Sources.IValueTaskSource<TResult>.GetResult(Int16 token)
   at Npgsql.NpgsqlDataReader.NextResult(Boolean async, Boolean isConsuming, CancellationToken cancellationToken)
   at Npgsql.NpgsqlDataReader.NextResult(Boolean async, Boolean isConsuming, CancellationToken cancellationToken)
   at Npgsql.NpgsqlDataReader.NextResult()
   at Npgsql.NpgsqlCommand.ExecuteReader(Boolean async, CommandBehavior behavior, CancellationToken cancellationToken)
   at Npgsql.NpgsqlCommand.ExecuteReader(Boolean async, CommandBehavior behavior, CancellationToken cancellationToken)
   at Npgsql.NpgsqlCommand.ExecuteReader(CommandBehavior behavior)
   at Npgsql.NpgsqlCommand.ExecuteDbDataReader(CommandBehavior behavior)
   at Microsoft.EntityFrameworkCore.Storage.RelationalCommand.ExecuteReader(RelationalCommandParameterObject parameterObject)
   at Microsoft.EntityFrameworkCore.Update.ReaderModificationCommandBatch.Execute(IRelationalConnection connection)
  Exception data:
    Severity: ERROR
    SqlState: 22001
    MessageText: value too long for type character varying(2)
    File: varchar.c
    Line: 635
    Routine: varchar
   --- End of inner exception stack trace ---
   at Microsoft.EntityFrameworkCore.Update.ReaderModificationCommandBatch.Execute(IRelationalConnection connection)
   at Microsoft.EntityFrameworkCore.Update.Internal.BatchExecutor.Execute(IEnumerable`1 commandBatches, IRelationalConnection connection)
   at Microsoft.EntityFrameworkCore.Storage.RelationalDatabase.SaveChanges(IList`1 entries)
   at Microsoft.EntityFrameworkCore.ChangeTracking.Internal.StateManager.SaveChanges(IList`1 entriesToSave)
   at Microsoft.EntityFrameworkCore.ChangeTracking.Internal.StateManager.SaveChanges(StateManager stateManager, Boolean acceptAllChangesOnSuccess)
   at Microsoft.EntityFrameworkCore.ChangeTracking.Internal.StateManager.<>c.<SaveChanges>b__112_0(DbContext _, ValueTuple`2 t)
   at Npgsql.EntityFrameworkCore.PostgreSQL.Storage.Internal.NpgsqlExecutionStrategy.Execute[TState,TResult](TState state, Func`3 operation, Func`3 verifySucceeded)
   at Microsoft.EntityFrameworkCore.ChangeTracking.Internal.StateManager.SaveChanges(Boolean acceptAllChangesOnSuccess)
   at Microsoft.EntityFrameworkCore.DbContext.SaveChanges(Boolean acceptAllChangesOnSuccess)" (170f029e)
Microsoft.EntityFrameworkCore.DbUpdateException: An error occurred while saving the entity changes. See the inner exception for details.
 ---> Npgsql.PostgresException (0x80004005): 22001: value too long for type character varying(2)
   at Npgsql.Internal.NpgsqlConnector.ReadMessageLong(Boolean async, DataRowLoadingMode dataRowLoadingMode, Boolean readingNotifications, Boolean isReadingPrependedMessage)
   at System.Runtime.CompilerServices.PoolingAsyncValueTaskMethodBuilder`1.StateMachineBox`1.System.Threading.Tasks.Sources.IValueTaskSource<TResult>.GetResult(Int16 token)
   at Npgsql.NpgsqlDataReader.NextResult(Boolean async, Boolean isConsuming, CancellationToken cancellationToken)
   at Npgsql.NpgsqlDataReader.NextResult(Boolean async, Boolean isConsuming, CancellationToken cancellationToken)
   at Npgsql.NpgsqlDataReader.NextResult()
   at Npgsql.NpgsqlCommand.ExecuteReader(Boolean async, CommandBehavior behavior, CancellationToken cancellationToken)
   at Npgsql.NpgsqlCommand.ExecuteReader(Boolean async, CommandBehavior behavior, CancellationToken cancellationToken)
   at Npgsql.NpgsqlCommand.ExecuteReader(CommandBehavior behavior)
   at Npgsql.NpgsqlCommand.ExecuteDbDataReader(CommandBehavior behavior)
   at Microsoft.EntityFrameworkCore.Storage.RelationalCommand.ExecuteReader(RelationalCommandParameterObject parameterObject)
   at Microsoft.EntityFrameworkCore.Update.ReaderModificationCommandBatch.Execute(IRelationalConnection connection)
  Exception data:
    Severity: ERROR
    SqlState: 22001
    MessageText: value too long for type character varying(2)
    File: varchar.c
    Line: 635
    Routine: varchar
   --- End of inner exception stack trace ---
   at Microsoft.EntityFrameworkCore.Update.ReaderModificationCommandBatch.Execute(IRelationalConnection connection)
   at Microsoft.EntityFrameworkCore.Update.Internal.BatchExecutor.Execute(IEnumerable`1 commandBatches, IRelationalConnection connection)
   at Microsoft.EntityFrameworkCore.Storage.RelationalDatabase.SaveChanges(IList`1 entries)
   at Microsoft.EntityFrameworkCore.ChangeTracking.Internal.StateManager.SaveChanges(IList`1 entriesToSave)
   at Microsoft.EntityFrameworkCore.ChangeTracking.Internal.StateManager.SaveChanges(StateManager stateManager, Boolean acceptAllChangesOnSuccess)
   at Microsoft.EntityFrameworkCore.ChangeTracking.Internal.StateManager.<>c.<SaveChanges>b__112_0(DbContext _, ValueTuple`2 t)
   at Npgsql.EntityFrameworkCore.PostgreSQL.Storage.Internal.NpgsqlExecutionStrategy.Execute[TState,TResult](TState state, Func`3 operation, Func`3 verifySucceeded)
   at Microsoft.EntityFrameworkCore.ChangeTracking.Internal.StateManager.SaveChanges(Boolean acceptAllChangesOnSuccess)
   at Microsoft.EntityFrameworkCore.DbContext.SaveChanges(Boolean acceptAllChangesOnSuccess)
   at Microsoft.EntityFrameworkCore.DbContext.SaveChanges()
   at apiWebDB.Services.EnderecoService.Insert(EnderecoDTO dto) in C:\Users\cris\Desktop\cj\Paradigmas\apiWebDB\Services\EnderecoService.cs:line 27
   at apiWebDB.Controllers.EnderecoController.Insert(EnderecoDTO endereco) in C:\Users\cris\Desktop\cj\Paradigmas\apiWebDB\Controllers\EnderecoController.cs:line 27
2024-04-30T19:59:40.4832813-03:00 0HN39D4GP40BV:00000004 [INF] Executing "BadRequestObjectResult", writing value of type '"System.String"'. (605b4265)
2024-04-30T19:59:40.4839895-03:00 0HN39D4GP40BV:00000004 [INF] Executed action "apiWebDB.Controllers.EnderecoController.Insert (apiWebDB)" in 169.6642ms (afa2e885)
2024-04-30T19:59:40.4844085-03:00 0HN39D4GP40BV:00000004 [INF] Executed endpoint '"apiWebDB.Controllers.EnderecoController.Insert (apiWebDB)"' (99874f2b)
2024-04-30T19:59:40.4859326-03:00 0HN39D4GP40BV:00000004 [INF] Request finished "HTTP/1.1" "POST" "http"://"localhost:5128""""/api/Endereco""" - 400 null "text/plain; charset=utf-8" 173.6525ms (74253ad3)
2024-04-30T20:01:31.4718124-03:00  [INF] Now listening on: "http://localhost:5128" (d826f4b8)
2024-04-30T20:01:31.6881868-03:00  [INF] Application started. Press Ctrl+C to shut down. (dcaefe54)
2024-04-30T20:01:31.6915679-03:00  [INF] Hosting environment: "Development" (bc5a1a4e)
2024-04-30T20:01:31.6987064-03:00  [INF] Content root path: "C:\Users\cris\Desktop\cj\Paradigmas\apiWebDB" (cc26f24e)
2024-04-30T20:01:33.7379259-03:00 0HN39D5T08EKQ:00000001 [INF] Request starting "HTTP/1.1" "GET" "http"://"localhost:5128""""/swagger/index.html""" - null null (d509f86a)
2024-04-30T20:01:33.8956630-03:00 0HN39D5T08EKQ:00000001 [INF] Request finished "HTTP/1.1" "GET" "http"://"localhost:5128""""/swagger/index.html""" - 200 null "text/html;charset=utf-8" 180.7515ms (74253ad3)
2024-04-30T20:01:34.4410102-03:00 0HN39D5T08EKQ:00000002 [INF] Request starting "HTTP/1.1" "GET" "http"://"localhost:5128""""/_framework/aspnetcore-browser-refresh.js""" - null null (d509f86a)
2024-04-30T20:01:34.4420629-03:00 0HN39D5T08EKP:00000001 [INF] Request starting "HTTP/1.1" "GET" "http"://"localhost:5128""""/_vs/browserLink""" - null null (d509f86a)
2024-04-30T20:01:34.4480934-03:00 0HN39D5T08EKQ:00000002 [INF] Request finished "HTTP/1.1" "GET" "http"://"localhost:5128""""/_framework/aspnetcore-browser-refresh.js""" - 200 13752 "application/javascript; charset=utf-8" 8.9362ms (74253ad3)
2024-04-30T20:01:34.6767057-03:00 0HN39D5T08EKP:00000001 [INF] Request finished "HTTP/1.1" "GET" "http"://"localhost:5128""""/_vs/browserLink""" - 200 null "text/javascript; charset=UTF-8" 235.0641ms (74253ad3)
2024-04-30T20:01:34.9912096-03:00 0HN39D5T08EKP:00000002 [INF] Request starting "HTTP/1.1" "GET" "http"://"localhost:5128""""/swagger/v1/swagger.json""" - null null (d509f86a)
2024-04-30T20:01:35.0945706-03:00 0HN39D5T08EKP:00000002 [INF] Request finished "HTTP/1.1" "GET" "http"://"localhost:5128""""/swagger/v1/swagger.json""" - 200 null "application/json;charset=utf-8" 103.4424ms (74253ad3)
2024-04-30T20:01:59.5860011-03:00 0HN39D5T08EKP:00000003 [INF] Request starting "HTTP/1.1" "POST" "http"://"localhost:5128""""/api/Endereco""" - "application/json" 186 (d509f86a)
2024-04-30T20:01:59.6082138-03:00 0HN39D5T08EKP:00000003 [INF] Executing endpoint '"apiWebDB.Controllers.EnderecoController.Insert (apiWebDB)"' (500cc934)
2024-04-30T20:01:59.6492868-03:00 0HN39D5T08EKP:00000003 [INF] Route matched with "{action = \"Insert\", controller = \"Endereco\"}". Executing controller action with signature "Microsoft.AspNetCore.Mvc.ActionResult`1[apiWebDB.BaseDados.Models.TbEndereco] Insert(apiWebDB.Services.DTOs.EnderecoDTO)" on controller "apiWebDB.Controllers.EnderecoController" ("apiWebDB"). (122b2fdf)
2024-04-30T20:02:01.8040224-03:00 0HN39D5T08EKP:00000003 [INF] Executed DbCommand ("154"ms) [Parameters=["@p0='?', @p1='?' (DbType = Int32), @p2='?', @p3='?' (DbType = Int32), @p4='?', @p5='?', @p6='?', @p7='?' (DbType = Int32), @p8='?'"], CommandType='Text', CommandTimeout='30']"
""INSERT INTO tb_enderecos (bairro, cep, cidade, clienteid, complemento, logradouro, numero, status, uf)
VALUES (@p0, @p1, @p2, @p3, @p4, @p5, @p6, @p7, @p8)
RETURNING id;" (0723d8ff)
2024-04-30T20:02:01.8862381-03:00 0HN39D5T08EKP:00000003 [INF] Executing "OkObjectResult", writing value of type '"apiWebDB.Services.DTOs.EnderecoDTO"'. (605b4265)
2024-04-30T20:02:01.9000469-03:00 0HN39D5T08EKP:00000003 [INF] Executed action "apiWebDB.Controllers.EnderecoController.Insert (apiWebDB)" in 2242.2279ms (afa2e885)
2024-04-30T20:02:01.9002634-03:00 0HN39D5T08EKP:00000003 [INF] Executed endpoint '"apiWebDB.Controllers.EnderecoController.Insert (apiWebDB)"' (99874f2b)
2024-04-30T20:02:01.9175131-03:00 0HN39D5T08EKP:00000003 [INF] Request finished "HTTP/1.1" "POST" "http"://"localhost:5128""""/api/Endereco""" - 200 null "application/json; charset=utf-8" 2331.6017ms (74253ad3)
2024-04-30T20:12:12.7058331-03:00  [INF] Now listening on: "http://localhost:5128" (d826f4b8)
2024-04-30T20:12:12.7848883-03:00  [INF] Application started. Press Ctrl+C to shut down. (dcaefe54)
2024-04-30T20:12:12.7875686-03:00  [INF] Hosting environment: "Development" (bc5a1a4e)
2024-04-30T20:12:12.7889440-03:00  [INF] Content root path: "C:\Users\cris\Desktop\cj\Paradigmas\apiWebDB" (cc26f24e)
2024-04-30T20:12:13.1431084-03:00 0HN39DBS04K8Q:00000001 [INF] Request starting "HTTP/1.1" "GET" "http"://"localhost:5128""""/swagger/index.html""" - null null (d509f86a)
2024-04-30T20:12:13.2678431-03:00 0HN39DBS04K8Q:00000001 [INF] Request finished "HTTP/1.1" "GET" "http"://"localhost:5128""""/swagger/index.html""" - 200 null "text/html;charset=utf-8" 129.5506ms (74253ad3)
2024-04-30T20:12:13.4273325-03:00 0HN39DBS04K8Q:00000002 [INF] Request starting "HTTP/1.1" "GET" "http"://"localhost:5128""""/_framework/aspnetcore-browser-refresh.js""" - null null (d509f86a)
2024-04-30T20:12:13.4277460-03:00 0HN39DBS04K8R:00000001 [INF] Request starting "HTTP/1.1" "GET" "http"://"localhost:5128""""/_vs/browserLink""" - null null (d509f86a)
2024-04-30T20:12:13.4287636-03:00 0HN39DBS04K8Q:00000002 [INF] Request finished "HTTP/1.1" "GET" "http"://"localhost:5128""""/_framework/aspnetcore-browser-refresh.js""" - 200 13752 "application/javascript; charset=utf-8" 1.6245ms (74253ad3)
2024-04-30T20:12:13.4581970-03:00 0HN39DBS04K8R:00000001 [INF] Request finished "HTTP/1.1" "GET" "http"://"localhost:5128""""/_vs/browserLink""" - 200 null "text/javascript; charset=UTF-8" 30.412ms (74253ad3)
2024-04-30T20:12:13.5946329-03:00 0HN39DBS04K8R:00000002 [INF] Request starting "HTTP/1.1" "GET" "http"://"localhost:5128""""/swagger/v1/swagger.json""" - null null (d509f86a)
2024-04-30T20:12:13.6580553-03:00 0HN39DBS04K8R:00000002 [INF] Request finished "HTTP/1.1" "GET" "http"://"localhost:5128""""/swagger/v1/swagger.json""" - 200 null "application/json;charset=utf-8" 63.4421ms (74253ad3)
2024-04-30T20:12:37.7834548-03:00 0HN39DBS04K8R:00000003 [INF] Request starting "HTTP/1.1" "PUT" "http"://"localhost:5128""""/api/Endereco/1""" - "application/json" 180 (d509f86a)
2024-04-30T20:12:37.7910792-03:00 0HN39DBS04K8R:00000003 [INF] Executing endpoint '"apiWebDB.Controllers.EnderecoController.Update (apiWebDB)"' (500cc934)
2024-04-30T20:12:37.8138216-03:00 0HN39DBS04K8R:00000003 [INF] Route matched with "{action = \"Update\", controller = \"Endereco\"}". Executing controller action with signature "Microsoft.AspNetCore.Mvc.ActionResult`1[apiWebDB.BaseDados.Models.TbEndereco] Update(Int32, apiWebDB.Services.DTOs.EnderecoDTO)" on controller "apiWebDB.Controllers.EnderecoController" ("apiWebDB"). (122b2fdf)
2024-04-30T20:12:38.6263931-03:00 0HN39DBS04K8R:00000003 [INF] Executed DbCommand ("31"ms) [Parameters=["@__id_0='?' (DbType = Int32)"], CommandType='Text', CommandTimeout='30']"
""SELECT t.id, t.bairro, t.cep, t.cidade, t.clienteid, t.complemento, t.logradouro, t.numero, t.status, t.uf
FROM tb_enderecos AS t
WHERE t.id = @__id_0
LIMIT 1" (0723d8ff)
2024-04-30T20:12:38.6808914-03:00 0HN39DBS04K8R:00000003 [INF] Executed DbCommand ("1"ms) [Parameters=["@__id_0='?' (DbType = Int32)"], CommandType='Text', CommandTimeout='30']"
""SELECT t.id, t.bairro, t.cep, t.cidade, t.clienteid, t.complemento, t.logradouro, t.numero, t.status, t.uf
FROM tb_enderecos AS t
WHERE t.id = @__id_0
LIMIT 1" (0723d8ff)
2024-04-30T20:12:38.7389789-03:00 0HN39DBS04K8R:00000003 [INF] Executed DbCommand ("13"ms) [Parameters=["@p9='?' (DbType = Int32), @p0='?', @p1='?' (DbType = Int32), @p2='?', @p3='?' (DbType = Int32), @p4='?', @p5='?', @p6='?', @p7='?' (DbType = Int32), @p8='?'"], CommandType='Text', CommandTimeout='30']"
""UPDATE tb_enderecos SET bairro = @p0, cep = @p1, cidade = @p2, clienteid = @p3, complemento = @p4, logradouro = @p5, numero = @p6, status = @p7, uf = @p8
WHERE id = @p9;" (0723d8ff)
2024-04-30T20:12:38.7463754-03:00 0HN39DBS04K8R:00000003 [INF] Executing "OkObjectResult", writing value of type '"apiWebDB.BaseDados.Models.TbEndereco"'. (605b4265)
2024-04-30T20:12:38.7539983-03:00 0HN39DBS04K8R:00000003 [INF] Executed action "apiWebDB.Controllers.EnderecoController.Update (apiWebDB)" in 938.334ms (afa2e885)
2024-04-30T20:12:38.7540887-03:00 0HN39DBS04K8R:00000003 [INF] Executed endpoint '"apiWebDB.Controllers.EnderecoController.Update (apiWebDB)"' (99874f2b)
2024-04-30T20:12:38.7583154-03:00 0HN39DBS04K8R:00000003 [INF] Request finished "HTTP/1.1" "PUT" "http"://"localhost:5128""""/api/Endereco/1""" - 200 null "application/json; charset=utf-8" 974.9515ms (74253ad3)
2024-04-30T20:13:13.0411539-03:00 0HN39DBS04K8R:00000004 [INF] Request starting "HTTP/1.1" "DELETE" "http"://"localhost:5128""""/api/Endereco/1""" - null null (d509f86a)
2024-04-30T20:13:13.0419556-03:00 0HN39DBS04K8R:00000004 [INF] Executing endpoint '"apiWebDB.Controllers.EnderecoController.Delete (apiWebDB)"' (500cc934)
2024-04-30T20:13:13.0437345-03:00 0HN39DBS04K8R:00000004 [INF] Route matched with "{action = \"Delete\", controller = \"Endereco\"}". Executing controller action with signature "Microsoft.AspNetCore.Mvc.ActionResult`1[apiWebDB.BaseDados.Models.TbEndereco] Delete(Int32)" on controller "apiWebDB.Controllers.EnderecoController" ("apiWebDB"). (122b2fdf)
2024-04-30T20:13:13.0589657-03:00 0HN39DBS04K8R:00000004 [INF] Executed DbCommand ("0"ms) [Parameters=["@__id_0='?' (DbType = Int32)"], CommandType='Text', CommandTimeout='30']"
""SELECT t.id, t.bairro, t.cep, t.cidade, t.clienteid, t.complemento, t.logradouro, t.numero, t.status, t.uf
FROM tb_enderecos AS t
WHERE t.id = @__id_0
LIMIT 1" (0723d8ff)
2024-04-30T20:13:13.0717629-03:00 0HN39DBS04K8R:00000004 [INF] Executed DbCommand ("3"ms) [Parameters=["@p0='?' (DbType = Int32)"], CommandType='Text', CommandTimeout='30']"
""DELETE FROM tb_enderecos
WHERE id = @p0;" (0723d8ff)
2024-04-30T20:13:13.0762299-03:00 0HN39DBS04K8R:00000004 [INF] Executing StatusCodeResult, setting HTTP status code 204 (3fe03d2f)
2024-04-30T20:13:13.0763288-03:00 0HN39DBS04K8R:00000004 [INF] Executed action "apiWebDB.Controllers.EnderecoController.Delete (apiWebDB)" in 32.5432ms (afa2e885)
2024-04-30T20:13:13.0763509-03:00 0HN39DBS04K8R:00000004 [INF] Executed endpoint '"apiWebDB.Controllers.EnderecoController.Delete (apiWebDB)"' (99874f2b)
2024-04-30T20:13:13.0765185-03:00 0HN39DBS04K8R:00000004 [INF] Request finished "HTTP/1.1" "DELETE" "http"://"localhost:5128""""/api/Endereco/1""" - 204 null null 35.4768ms (74253ad3)
2024-04-30T20:16:03.8834418-03:00  [INF] Now listening on: "http://localhost:5128" (d826f4b8)
2024-04-30T20:16:03.9752835-03:00  [INF] Application started. Press Ctrl+C to shut down. (dcaefe54)
2024-04-30T20:16:03.9784443-03:00  [INF] Hosting environment: "Development" (bc5a1a4e)
2024-04-30T20:16:03.9798761-03:00  [INF] Content root path: "C:\Users\cris\Desktop\cj\Paradigmas\apiWebDB" (cc26f24e)
2024-04-30T20:16:05.8152630-03:00 0HN39DE0S4J3N:00000001 [INF] Request starting "HTTP/1.1" "GET" "http"://"localhost:5128""""/swagger/index.html""" - null null (d509f86a)
2024-04-30T20:16:05.9884611-03:00 0HN39DE0S4J3N:00000001 [INF] Request finished "HTTP/1.1" "GET" "http"://"localhost:5128""""/swagger/index.html""" - 200 null "text/html;charset=utf-8" 177.3957ms (74253ad3)
2024-04-30T20:16:06.1459421-03:00 0HN39DE0S4J3N:00000002 [INF] Request starting "HTTP/1.1" "GET" "http"://"localhost:5128""""/_framework/aspnetcore-browser-refresh.js""" - null null (d509f86a)
2024-04-30T20:16:06.1465149-03:00 0HN39DE0S4J3O:00000001 [INF] Request starting "HTTP/1.1" "GET" "http"://"localhost:5128""""/_vs/browserLink""" - null null (d509f86a)
2024-04-30T20:16:06.1477298-03:00 0HN39DE0S4J3N:00000002 [INF] Request finished "HTTP/1.1" "GET" "http"://"localhost:5128""""/_framework/aspnetcore-browser-refresh.js""" - 200 13752 "application/javascript; charset=utf-8" 1.9009ms (74253ad3)
2024-04-30T20:16:06.1741420-03:00 0HN39DE0S4J3O:00000001 [INF] Request finished "HTTP/1.1" "GET" "http"://"localhost:5128""""/_vs/browserLink""" - 200 null "text/javascript; charset=UTF-8" 27.689ms (74253ad3)
2024-04-30T20:16:06.4235265-03:00 0HN39DE0S4J3O:00000002 [INF] Request starting "HTTP/1.1" "GET" "http"://"localhost:5128""""/swagger/v1/swagger.json""" - null null (d509f86a)
2024-04-30T20:16:06.4868885-03:00 0HN39DE0S4J3O:00000002 [INF] Request finished "HTTP/1.1" "GET" "http"://"localhost:5128""""/swagger/v1/swagger.json""" - 200 null "application/json;charset=utf-8" 63.3997ms (74253ad3)
2024-04-30T20:16:18.4512342-03:00 0HN39DE0S4J3O:00000003 [INF] Request starting "HTTP/1.1" "GET" "http"://"localhost:5128""""/api/Endereco""" - null null (d509f86a)
2024-04-30T20:16:18.4581246-03:00 0HN39DE0S4J3O:00000003 [INF] Executing endpoint '"apiWebDB.Controllers.EnderecoController.Get (apiWebDB)"' (500cc934)
2024-04-30T20:16:18.4698573-03:00 0HN39DE0S4J3O:00000003 [INF] Route matched with "{action = \"Get\", controller = \"Endereco\"}". Executing controller action with signature "Microsoft.AspNetCore.Mvc.ActionResult`1[apiWebDB.BaseDados.Models.TbEndereco] Get()" on controller "apiWebDB.Controllers.EnderecoController" ("apiWebDB"). (122b2fdf)
2024-04-30T20:16:19.2401890-03:00 0HN39DE0S4J3O:00000003 [INF] Executed DbCommand ("14"ms) [Parameters=[""], CommandType='Text', CommandTimeout='30']"
""SELECT t.id, t.bairro, t.cep, t.cidade, t.clienteid, t.complemento, t.logradouro, t.numero, t.status, t.uf
FROM tb_enderecos AS t" (0723d8ff)
2024-04-30T20:16:19.3416045-03:00 0HN39DE0S4J3O:00000003 [INF] Executing "NotFoundObjectResult", writing value of type '"System.String"'. (605b4265)
2024-04-30T20:16:19.3439145-03:00 0HN39DE0S4J3O:00000003 [INF] Executed action "apiWebDB.Controllers.EnderecoController.Get (apiWebDB)" in 872.2146ms (afa2e885)
2024-04-30T20:16:19.3440128-03:00 0HN39DE0S4J3O:00000003 [INF] Executed endpoint '"apiWebDB.Controllers.EnderecoController.Get (apiWebDB)"' (99874f2b)
2024-04-30T20:16:19.3504458-03:00 0HN39DE0S4J3O:00000003 [INF] Request finished "HTTP/1.1" "GET" "http"://"localhost:5128""""/api/Endereco""" - 404 null "text/plain; charset=utf-8" 899.2784ms (74253ad3)
2024-04-30T20:16:44.2961327-03:00 0HN39DE0S4J3O:00000004 [INF] Request starting "HTTP/1.1" "POST" "http"://"localhost:5128""""/api/Endereco""" - "application/json" 186 (d509f86a)
2024-04-30T20:16:44.2979575-03:00 0HN39DE0S4J3O:00000004 [INF] Executing endpoint '"apiWebDB.Controllers.EnderecoController.Insert (apiWebDB)"' (500cc934)
2024-04-30T20:16:44.3060322-03:00 0HN39DE0S4J3O:00000004 [INF] Route matched with "{action = \"Insert\", controller = \"Endereco\"}". Executing controller action with signature "Microsoft.AspNetCore.Mvc.ActionResult`1[apiWebDB.BaseDados.Models.TbEndereco] Insert(apiWebDB.Services.DTOs.EnderecoDTO)" on controller "apiWebDB.Controllers.EnderecoController" ("apiWebDB"). (122b2fdf)
2024-04-30T20:16:44.4445963-03:00 0HN39DE0S4J3O:00000004 [INF] Executed DbCommand ("27"ms) [Parameters=["@p0='?', @p1='?' (DbType = Int32), @p2='?', @p3='?' (DbType = Int32), @p4='?', @p5='?', @p6='?', @p7='?' (DbType = Int32), @p8='?'"], CommandType='Text', CommandTimeout='30']"
""INSERT INTO tb_enderecos (bairro, cep, cidade, clienteid, complemento, logradouro, numero, status, uf)
VALUES (@p0, @p1, @p2, @p3, @p4, @p5, @p6, @p7, @p8)
RETURNING id;" (0723d8ff)
2024-04-30T20:16:44.4601684-03:00 0HN39DE0S4J3O:00000004 [INF] Executing "OkObjectResult", writing value of type '"apiWebDB.Services.DTOs.EnderecoDTO"'. (605b4265)
2024-04-30T20:16:44.4615160-03:00 0HN39DE0S4J3O:00000004 [INF] Executed action "apiWebDB.Controllers.EnderecoController.Insert (apiWebDB)" in 155.4141ms (afa2e885)
2024-04-30T20:16:44.4615526-03:00 0HN39DE0S4J3O:00000004 [INF] Executed endpoint '"apiWebDB.Controllers.EnderecoController.Insert (apiWebDB)"' (99874f2b)
2024-04-30T20:16:44.4616922-03:00 0HN39DE0S4J3O:00000004 [INF] Request finished "HTTP/1.1" "POST" "http"://"localhost:5128""""/api/Endereco""" - 200 null "application/json; charset=utf-8" 165.8059ms (74253ad3)
2024-04-30T20:16:59.9232414-03:00 0HN39DE0S4J3O:00000005 [INF] Request starting "HTTP/1.1" "GET" "http"://"localhost:5128""""/api/Endereco""" - null null (d509f86a)
2024-04-30T20:16:59.9237144-03:00 0HN39DE0S4J3O:00000005 [INF] Executing endpoint '"apiWebDB.Controllers.EnderecoController.Get (apiWebDB)"' (500cc934)
2024-04-30T20:16:59.9240107-03:00 0HN39DE0S4J3O:00000005 [INF] Route matched with "{action = \"Get\", controller = \"Endereco\"}". Executing controller action with signature "Microsoft.AspNetCore.Mvc.ActionResult`1[apiWebDB.BaseDados.Models.TbEndereco] Get()" on controller "apiWebDB.Controllers.EnderecoController" ("apiWebDB"). (122b2fdf)
2024-04-30T20:16:59.9741767-03:00 0HN39DE0S4J3O:00000005 [INF] Executed DbCommand ("1"ms) [Parameters=[""], CommandType='Text', CommandTimeout='30']"
""SELECT t.id, t.bairro, t.cep, t.cidade, t.clienteid, t.complemento, t.logradouro, t.numero, t.status, t.uf
FROM tb_enderecos AS t" (0723d8ff)
2024-04-30T20:16:59.9792044-03:00 0HN39DE0S4J3O:00000005 [INF] Executing "OkObjectResult", writing value of type '"System.Collections.Generic.List`1[[apiWebDB.BaseDados.Models.TbEndereco, apiWebDB, Version=1.0.0.0, Culture=neutral, PublicKeyToken=null]]"'. (605b4265)
2024-04-30T20:16:59.9856660-03:00 0HN39DE0S4J3O:00000005 [INF] Executed action "apiWebDB.Controllers.EnderecoController.Get (apiWebDB)" in 61.5925ms (afa2e885)
2024-04-30T20:16:59.9857182-03:00 0HN39DE0S4J3O:00000005 [INF] Executed endpoint '"apiWebDB.Controllers.EnderecoController.Get (apiWebDB)"' (99874f2b)
2024-04-30T20:16:59.9859189-03:00 0HN39DE0S4J3O:00000005 [INF] Request finished "HTTP/1.1" "GET" "http"://"localhost:5128""""/api/Endereco""" - 200 null "application/json; charset=utf-8" 62.6936ms (74253ad3)
2024-04-30T20:18:10.9312318-03:00 0HN39DE0S4J3O:00000006 [INF] Request starting "HTTP/1.1" "GET" "http"://"localhost:5128""""/api/Endereco/2""" - null null (d509f86a)
2024-04-30T20:18:10.9317033-03:00 0HN39DE0S4J3O:00000006 [INF] Executing endpoint '"apiWebDB.Controllers.EnderecoController.GetById (apiWebDB)"' (500cc934)
2024-04-30T20:18:10.9339139-03:00 0HN39DE0S4J3O:00000006 [INF] Route matched with "{action = \"GetById\", controller = \"Endereco\"}". Executing controller action with signature "Microsoft.AspNetCore.Mvc.ActionResult`1[apiWebDB.BaseDados.Models.TbEndereco] GetById(Int32)" on controller "apiWebDB.Controllers.EnderecoController" ("apiWebDB"). (122b2fdf)
2024-04-30T20:18:10.9876285-03:00 0HN39DE0S4J3O:00000006 [INF] Executed DbCommand ("1"ms) [Parameters=["@__id_0='?' (DbType = Int32)"], CommandType='Text', CommandTimeout='30']"
""SELECT t.id, t.bairro, t.cep, t.cidade, t.clienteid, t.complemento, t.logradouro, t.numero, t.status, t.uf
FROM tb_enderecos AS t
WHERE t.id = @__id_0
LIMIT 1" (0723d8ff)
2024-04-30T20:18:10.9884700-03:00 0HN39DE0S4J3O:00000006 [INF] Executing "OkObjectResult", writing value of type '"apiWebDB.BaseDados.Models.TbEndereco"'. (605b4265)
2024-04-30T20:18:10.9887669-03:00 0HN39DE0S4J3O:00000006 [INF] Executed action "apiWebDB.Controllers.EnderecoController.GetById (apiWebDB)" in 54.8028ms (afa2e885)
2024-04-30T20:18:10.9887939-03:00 0HN39DE0S4J3O:00000006 [INF] Executed endpoint '"apiWebDB.Controllers.EnderecoController.GetById (apiWebDB)"' (99874f2b)
2024-04-30T20:18:10.9889527-03:00 0HN39DE0S4J3O:00000006 [INF] Request finished "HTTP/1.1" "GET" "http"://"localhost:5128""""/api/Endereco/2""" - 200 null "application/json; charset=utf-8" 57.7321ms (74253ad3)
2024-04-30T20:18:21.4482786-03:00 0HN39DE0S4J3O:00000007 [INF] Request starting "HTTP/1.1" "GET" "http"://"localhost:5128""""/api/Endereco/3""" - null null (d509f86a)
2024-04-30T20:18:21.4484981-03:00 0HN39DE0S4J3O:00000007 [INF] Executing endpoint '"apiWebDB.Controllers.EnderecoController.GetById (apiWebDB)"' (500cc934)
2024-04-30T20:18:21.4485894-03:00 0HN39DE0S4J3O:00000007 [INF] Route matched with "{action = \"GetById\", controller = \"Endereco\"}". Executing controller action with signature "Microsoft.AspNetCore.Mvc.ActionResult`1[apiWebDB.BaseDados.Models.TbEndereco] GetById(Int32)" on controller "apiWebDB.Controllers.EnderecoController" ("apiWebDB"). (122b2fdf)
2024-04-30T20:18:21.4546546-03:00 0HN39DE0S4J3O:00000007 [INF] Executed DbCommand ("1"ms) [Parameters=["@__id_0='?' (DbType = Int32)"], CommandType='Text', CommandTimeout='30']"
""SELECT t.id, t.bairro, t.cep, t.cidade, t.clienteid, t.complemento, t.logradouro, t.numero, t.status, t.uf
FROM tb_enderecos AS t
WHERE t.id = @__id_0
LIMIT 1" (0723d8ff)
2024-04-30T20:18:21.4860295-03:00 0HN39DE0S4J3O:00000007 [INF] Executing "NotFoundObjectResult", writing value of type '"System.String"'. (605b4265)
2024-04-30T20:18:21.4861891-03:00 0HN39DE0S4J3O:00000007 [INF] Executed action "apiWebDB.Controllers.EnderecoController.GetById (apiWebDB)" in 37.565ms (afa2e885)
2024-04-30T20:18:21.4862267-03:00 0HN39DE0S4J3O:00000007 [INF] Executed endpoint '"apiWebDB.Controllers.EnderecoController.GetById (apiWebDB)"' (99874f2b)
2024-04-30T20:18:21.4863815-03:00 0HN39DE0S4J3O:00000007 [INF] Request finished "HTTP/1.1" "GET" "http"://"localhost:5128""""/api/Endereco/3""" - 404 null "text/plain; charset=utf-8" 38.1419ms (74253ad3)
2024-04-30T21:12:02.7639386-03:00  [INF] Now listening on: "http://localhost:5128" (d826f4b8)
2024-04-30T21:12:02.8336515-03:00  [INF] Application started. Press Ctrl+C to shut down. (dcaefe54)
2024-04-30T21:12:02.8355863-03:00  [INF] Hosting environment: "Development" (bc5a1a4e)
2024-04-30T21:12:02.8368121-03:00  [INF] Content root path: "C:\Users\cris\Desktop\cj\Paradigmas\apiWebDB" (cc26f24e)
2024-04-30T21:12:04.4951591-03:00 0HN39ED9TR1PB:00000001 [INF] Request starting "HTTP/1.1" "GET" "http"://"localhost:5128""""/swagger/index.html""" - null null (d509f86a)
2024-04-30T21:12:04.6291652-03:00 0HN39ED9TR1PB:00000001 [INF] Request finished "HTTP/1.1" "GET" "http"://"localhost:5128""""/swagger/index.html""" - 200 null "text/html;charset=utf-8" 140.0371ms (74253ad3)
2024-04-30T21:12:04.8155638-03:00 0HN39ED9TR1PB:00000002 [INF] Request starting "HTTP/1.1" "GET" "http"://"localhost:5128""""/_framework/aspnetcore-browser-refresh.js""" - null null (d509f86a)
2024-04-30T21:12:04.8155643-03:00 0HN39ED9TR1PC:00000001 [INF] Request starting "HTTP/1.1" "GET" "http"://"localhost:5128""""/_vs/browserLink""" - null null (d509f86a)
2024-04-30T21:12:04.8169089-03:00 0HN39ED9TR1PB:00000002 [INF] Request finished "HTTP/1.1" "GET" "http"://"localhost:5128""""/_framework/aspnetcore-browser-refresh.js""" - 200 13752 "application/javascript; charset=utf-8" 1.4774ms (74253ad3)
2024-04-30T21:12:04.8440655-03:00 0HN39ED9TR1PC:00000001 [INF] Request finished "HTTP/1.1" "GET" "http"://"localhost:5128""""/_vs/browserLink""" - 200 null "text/javascript; charset=UTF-8" 28.5958ms (74253ad3)
2024-04-30T21:12:05.1713114-03:00 0HN39ED9TR1PC:00000002 [INF] Request starting "HTTP/1.1" "GET" "http"://"localhost:5128""""/swagger/v1/swagger.json""" - null null (d509f86a)
2024-04-30T21:12:05.2373077-03:00 0HN39ED9TR1PC:00000002 [INF] Request finished "HTTP/1.1" "GET" "http"://"localhost:5128""""/swagger/v1/swagger.json""" - 200 null "application/json;charset=utf-8" 66.04ms (74253ad3)
2024-04-30T21:13:18.9532393-03:00 0HN39ED9TR1PC:00000003 [INF] Request starting "HTTP/1.1" "PUT" "http"://"localhost:5128""""/api/Endereco/4""" - "application/json" 184 (d509f86a)
2024-04-30T21:13:18.9729370-03:00 0HN39ED9TR1PC:00000003 [INF] Executing endpoint '"apiWebDB.Controllers.EnderecoController.Update (apiWebDB)"' (500cc934)
2024-04-30T21:13:19.0160612-03:00 0HN39ED9TR1PC:00000003 [INF] Route matched with "{action = \"Update\", controller = \"Endereco\"}". Executing controller action with signature "Microsoft.AspNetCore.Mvc.ActionResult`1[apiWebDB.BaseDados.Models.TbEndereco] Update(Int32, apiWebDB.Services.DTOs.EnderecoDTO)" on controller "apiWebDB.Controllers.EnderecoController" ("apiWebDB"). (122b2fdf)
2024-04-30T21:13:19.2848098-03:00 0HN39ED9TR1PC:00000003 [INF] Executing "ObjectResult", writing value of type '"<>f__AnonymousType0`1[[System.String, System.Private.CoreLib, Version=8.0.0.0, Culture=neutral, PublicKeyToken=7cec85d7bea7798e]]"'. (605b4265)
2024-04-30T21:13:19.2938807-03:00 0HN39ED9TR1PC:00000003 [INF] Executed action "apiWebDB.Controllers.EnderecoController.Update (apiWebDB)" in 273.248ms (afa2e885)
2024-04-30T21:13:19.2940255-03:00 0HN39ED9TR1PC:00000003 [INF] Executed endpoint '"apiWebDB.Controllers.EnderecoController.Update (apiWebDB)"' (99874f2b)
2024-04-30T21:13:19.2961138-03:00 0HN39ED9TR1PC:00000003 [INF] Request finished "HTTP/1.1" "PUT" "http"://"localhost:5128""""/api/Endereco/4""" - 400 null "application/json; charset=utf-8" 342.9028ms (74253ad3)
2024-04-30T21:16:35.2416964-03:00  [INF] Now listening on: "http://localhost:5128" (d826f4b8)
2024-04-30T21:16:35.3770642-03:00  [INF] Application started. Press Ctrl+C to shut down. (dcaefe54)
2024-04-30T21:16:35.3796337-03:00  [INF] Hosting environment: "Development" (bc5a1a4e)
2024-04-30T21:16:35.3815711-03:00  [INF] Content root path: "C:\Users\cris\Desktop\cj\Paradigmas\apiWebDB" (cc26f24e)
2024-04-30T21:16:35.8474465-03:00 0HN39EFR3DAQD:00000001 [INF] Request starting "HTTP/1.1" "GET" "http"://"localhost:5128""""/swagger/index.html""" - null null (d509f86a)
2024-04-30T21:16:35.9708100-03:00 0HN39EFR3DAQD:00000001 [INF] Request finished "HTTP/1.1" "GET" "http"://"localhost:5128""""/swagger/index.html""" - 200 null "text/html;charset=utf-8" 127.4175ms (74253ad3)
2024-04-30T21:16:36.1319381-03:00 0HN39EFR3DAQC:00000001 [INF] Request starting "HTTP/1.1" "GET" "http"://"localhost:5128""""/_vs/browserLink""" - null null (d509f86a)
2024-04-30T21:16:36.1319386-03:00 0HN39EFR3DAQD:00000002 [INF] Request starting "HTTP/1.1" "GET" "http"://"localhost:5128""""/_framework/aspnetcore-browser-refresh.js""" - null null (d509f86a)
2024-04-30T21:16:36.1341198-03:00 0HN39EFR3DAQD:00000002 [INF] Request finished "HTTP/1.1" "GET" "http"://"localhost:5128""""/_framework/aspnetcore-browser-refresh.js""" - 200 13752 "application/javascript; charset=utf-8" 2.337ms (74253ad3)
2024-04-30T21:16:36.1629323-03:00 0HN39EFR3DAQC:00000001 [INF] Request finished "HTTP/1.1" "GET" "http"://"localhost:5128""""/_vs/browserLink""" - 200 null "text/javascript; charset=UTF-8" 31.1779ms (74253ad3)
2024-04-30T21:16:36.3568362-03:00 0HN39EFR3DAQC:00000002 [INF] Request starting "HTTP/1.1" "GET" "http"://"localhost:5128""""/swagger/v1/swagger.json""" - null null (d509f86a)
2024-04-30T21:16:36.4334954-03:00 0HN39EFR3DAQC:00000002 [INF] Request finished "HTTP/1.1" "GET" "http"://"localhost:5128""""/swagger/v1/swagger.json""" - 200 null "application/json;charset=utf-8" 76.7151ms (74253ad3)
2024-04-30T21:16:47.3885405-03:00 0HN39EFR3DAQC:00000003 [INF] Request starting "HTTP/1.1" "PUT" "http"://"localhost:5128""""/api/Endereco/4""" - "application/json" 184 (d509f86a)
2024-04-30T21:16:47.3944501-03:00 0HN39EFR3DAQC:00000003 [INF] Executing endpoint '"apiWebDB.Controllers.EnderecoController.Update (apiWebDB)"' (500cc934)
2024-04-30T21:16:47.4091131-03:00 0HN39EFR3DAQC:00000003 [INF] Route matched with "{action = \"Update\", controller = \"Endereco\"}". Executing controller action with signature "Microsoft.AspNetCore.Mvc.ActionResult`1[apiWebDB.BaseDados.Models.TbEndereco] Update(Int32, apiWebDB.Services.DTOs.EnderecoDTO)" on controller "apiWebDB.Controllers.EnderecoController" ("apiWebDB"). (122b2fdf)
2024-04-30T21:16:47.5664501-03:00 0HN39EFR3DAQC:00000003 [INF] Executing "ObjectResult", writing value of type '"<>f__AnonymousType0`1[[System.String, System.Private.CoreLib, Version=8.0.0.0, Culture=neutral, PublicKeyToken=7cec85d7bea7798e]]"'. (605b4265)
2024-04-30T21:16:47.5712950-03:00 0HN39EFR3DAQC:00000003 [INF] Executed action "apiWebDB.Controllers.EnderecoController.Update (apiWebDB)" in 159.6408ms (afa2e885)
2024-04-30T21:16:47.5714033-03:00 0HN39EFR3DAQC:00000003 [INF] Executed endpoint '"apiWebDB.Controllers.EnderecoController.Update (apiWebDB)"' (99874f2b)
2024-04-30T21:16:47.5723490-03:00 0HN39EFR3DAQC:00000003 [INF] Request finished "HTTP/1.1" "PUT" "http"://"localhost:5128""""/api/Endereco/4""" - 400 null "application/json; charset=utf-8" 183.8684ms (74253ad3)
2024-04-30T21:18:56.6952171-03:00  [INF] Now listening on: "http://localhost:5128" (d826f4b8)
2024-04-30T21:18:56.7911416-03:00  [INF] Application started. Press Ctrl+C to shut down. (dcaefe54)
2024-04-30T21:18:56.7936790-03:00  [INF] Hosting environment: "Development" (bc5a1a4e)
2024-04-30T21:18:56.7949945-03:00  [INF] Content root path: "C:\Users\cris\Desktop\cj\Paradigmas\apiWebDB" (cc26f24e)
2024-04-30T21:18:57.4562513-03:00 0HN39EH58EK6O:00000001 [INF] Request starting "HTTP/1.1" "GET" "http"://"localhost:5128""""/swagger/index.html""" - null null (d509f86a)
2024-04-30T21:18:57.5760350-03:00 0HN39EH58EK6O:00000001 [INF] Request finished "HTTP/1.1" "GET" "http"://"localhost:5128""""/swagger/index.html""" - 200 null "text/html;charset=utf-8" 125.6939ms (74253ad3)
2024-04-30T21:18:57.7164646-03:00 0HN39EH58EK6O:00000002 [INF] Request starting "HTTP/1.1" "GET" "http"://"localhost:5128""""/_framework/aspnetcore-browser-refresh.js""" - null null (d509f86a)
2024-04-30T21:18:57.7164645-03:00 0HN39EH58EK6P:00000001 [INF] Request starting "HTTP/1.1" "GET" "http"://"localhost:5128""""/_vs/browserLink""" - null null (d509f86a)
2024-04-30T21:18:57.7189105-03:00 0HN39EH58EK6O:00000002 [INF] Request finished "HTTP/1.1" "GET" "http"://"localhost:5128""""/_framework/aspnetcore-browser-refresh.js""" - 200 13752 "application/javascript; charset=utf-8" 2.5366ms (74253ad3)
2024-04-30T21:18:57.7441722-03:00 0HN39EH58EK6P:00000001 [INF] Request finished "HTTP/1.1" "GET" "http"://"localhost:5128""""/_vs/browserLink""" - 200 null "text/javascript; charset=UTF-8" 27.78ms (74253ad3)
2024-04-30T21:18:57.8884300-03:00 0HN39EH58EK6P:00000002 [INF] Request starting "HTTP/1.1" "GET" "http"://"localhost:5128""""/swagger/v1/swagger.json""" - null null (d509f86a)
2024-04-30T21:18:57.9474449-03:00 0HN39EH58EK6P:00000002 [INF] Request finished "HTTP/1.1" "GET" "http"://"localhost:5128""""/swagger/v1/swagger.json""" - 200 null "application/json;charset=utf-8" 59.0597ms (74253ad3)
2024-04-30T21:19:21.1197391-03:00 0HN39EH58EK6P:00000003 [INF] Request starting "HTTP/1.1" "PUT" "http"://"localhost:5128""""/api/Endereco/4""" - "application/json" 184 (d509f86a)
2024-04-30T21:19:21.1266470-03:00 0HN39EH58EK6P:00000003 [INF] Executing endpoint '"apiWebDB.Controllers.EnderecoController.Update (apiWebDB)"' (500cc934)
2024-04-30T21:19:21.1481885-03:00 0HN39EH58EK6P:00000003 [INF] Route matched with "{action = \"Update\", controller = \"Endereco\"}". Executing controller action with signature "Microsoft.AspNetCore.Mvc.ActionResult`1[apiWebDB.BaseDados.Models.TbEndereco] Update(Int32, apiWebDB.Services.DTOs.EnderecoDTO)" on controller "apiWebDB.Controllers.EnderecoController" ("apiWebDB"). (122b2fdf)
2024-04-30T21:19:22.0625930-03:00 0HN39EH58EK6P:00000003 [INF] Executed DbCommand ("34"ms) [Parameters=["@__id_0='?' (DbType = Int32)"], CommandType='Text', CommandTimeout='30']"
""SELECT t.id, t.bairro, t.cep, t.cidade, t.clienteid, t.complemento, t.logradouro, t.numero, t.status, t.uf
FROM tb_enderecos AS t
WHERE t.id = @__id_0
LIMIT 1" (0723d8ff)
2024-04-30T21:19:22.1622594-03:00 0HN39EH58EK6P:00000003 [INF] Executing "ObjectResult", writing value of type '"<>f__AnonymousType0`1[[System.String, System.Private.CoreLib, Version=8.0.0.0, Culture=neutral, PublicKeyToken=7cec85d7bea7798e]]"'. (605b4265)
2024-04-30T21:19:22.1668384-03:00 0HN39EH58EK6P:00000003 [INF] Executed action "apiWebDB.Controllers.EnderecoController.Update (apiWebDB)" in 1016.6419ms (afa2e885)
2024-04-30T21:19:22.1669201-03:00 0HN39EH58EK6P:00000003 [INF] Executed endpoint '"apiWebDB.Controllers.EnderecoController.Update (apiWebDB)"' (99874f2b)
2024-04-30T21:19:22.1730638-03:00 0HN39EH58EK6P:00000003 [INF] Request finished "HTTP/1.1" "PUT" "http"://"localhost:5128""""/api/Endereco/4""" - 404 null "application/json; charset=utf-8" 1053.8885ms (74253ad3)
2024-04-30T21:26:46.5160790-03:00  [INF] Now listening on: "http://localhost:5128" (d826f4b8)
2024-04-30T21:26:46.6120018-03:00  [INF] Application started. Press Ctrl+C to shut down. (dcaefe54)
2024-04-30T21:26:46.6143332-03:00  [INF] Hosting environment: "Development" (bc5a1a4e)
2024-04-30T21:26:46.6157083-03:00  [INF] Content root path: "C:\Users\cris\Desktop\cj\Paradigmas\apiWebDB" (cc26f24e)
2024-04-30T21:26:48.2641912-03:00 0HN39ELH95NSO:00000001 [INF] Request starting "HTTP/1.1" "GET" "http"://"localhost:5128""""/swagger/index.html""" - null null (d509f86a)
2024-04-30T21:26:48.3930854-03:00 0HN39ELH95NSO:00000001 [INF] Request finished "HTTP/1.1" "GET" "http"://"localhost:5128""""/swagger/index.html""" - 200 null "text/html;charset=utf-8" 134.9346ms (74253ad3)
2024-04-30T21:26:48.4602358-03:00 0HN39ELH95NSO:00000002 [INF] Request starting "HTTP/1.1" "GET" "http"://"localhost:5128""""/_framework/aspnetcore-browser-refresh.js""" - null null (d509f86a)
2024-04-30T21:26:48.4602352-03:00 0HN39ELH95NSP:00000001 [INF] Request starting "HTTP/1.1" "GET" "http"://"localhost:5128""""/_vs/browserLink""" - null null (d509f86a)
2024-04-30T21:26:48.4620015-03:00 0HN39ELH95NSO:00000002 [INF] Request finished "HTTP/1.1" "GET" "http"://"localhost:5128""""/_framework/aspnetcore-browser-refresh.js""" - 200 13752 "application/javascript; charset=utf-8" 1.8825ms (74253ad3)
2024-04-30T21:26:48.4905798-03:00 0HN39ELH95NSP:00000001 [INF] Request finished "HTTP/1.1" "GET" "http"://"localhost:5128""""/_vs/browserLink""" - 200 null "text/javascript; charset=UTF-8" 30.4717ms (74253ad3)
2024-04-30T21:26:48.5314985-03:00 0HN39ELH95NSP:00000002 [INF] Request starting "HTTP/1.1" "GET" "http"://"localhost:5128""""/swagger/v1/swagger.json""" - null null (d509f86a)
2024-04-30T21:26:48.5901159-03:00 0HN39ELH95NSP:00000002 [INF] Request finished "HTTP/1.1" "GET" "http"://"localhost:5128""""/swagger/v1/swagger.json""" - 200 null "application/json;charset=utf-8" 58.6599ms (74253ad3)
2024-04-30T21:27:43.2016947-03:00  [INF] Now listening on: "http://localhost:5128" (d826f4b8)
2024-04-30T21:27:43.2757637-03:00  [INF] Application started. Press Ctrl+C to shut down. (dcaefe54)
2024-04-30T21:27:43.2775912-03:00  [INF] Hosting environment: "Development" (bc5a1a4e)
2024-04-30T21:27:43.2790192-03:00  [INF] Content root path: "C:\Users\cris\Desktop\cj\Paradigmas\apiWebDB" (cc26f24e)
2024-04-30T21:27:44.2419143-03:00 0HN39EM28GO2S:00000001 [INF] Request starting "HTTP/1.1" "GET" "http"://"localhost:5128""""/swagger/index.html""" - null null (d509f86a)
2024-04-30T21:27:44.3690248-03:00 0HN39EM28GO2S:00000001 [INF] Request finished "HTTP/1.1" "GET" "http"://"localhost:5128""""/swagger/index.html""" - 200 null "text/html;charset=utf-8" 133.0683ms (74253ad3)
2024-04-30T21:27:44.4379444-03:00 0HN39EM28GO2S:00000002 [INF] Request starting "HTTP/1.1" "GET" "http"://"localhost:5128""""/_framework/aspnetcore-browser-refresh.js""" - null null (d509f86a)
2024-04-30T21:27:44.4379446-03:00 0HN39EM28GO2T:00000001 [INF] Request starting "HTTP/1.1" "GET" "http"://"localhost:5128""""/_vs/browserLink""" - null null (d509f86a)
2024-04-30T21:27:44.4397809-03:00 0HN39EM28GO2S:00000002 [INF] Request finished "HTTP/1.1" "GET" "http"://"localhost:5128""""/_framework/aspnetcore-browser-refresh.js""" - 200 13752 "application/javascript; charset=utf-8" 1.9966ms (74253ad3)
2024-04-30T21:27:44.4689002-03:00 0HN39EM28GO2T:00000001 [INF] Request finished "HTTP/1.1" "GET" "http"://"localhost:5128""""/_vs/browserLink""" - 200 null "text/javascript; charset=UTF-8" 31.1095ms (74253ad3)
2024-04-30T21:27:44.5082122-03:00 0HN39EM28GO2T:00000002 [INF] Request starting "HTTP/1.1" "GET" "http"://"localhost:5128""""/swagger/v1/swagger.json""" - null null (d509f86a)
2024-04-30T21:27:44.5682460-03:00 0HN39EM28GO2T:00000002 [INF] Request finished "HTTP/1.1" "GET" "http"://"localhost:5128""""/swagger/v1/swagger.json""" - 200 null "application/json;charset=utf-8" 60.1395ms (74253ad3)
2024-04-30T21:40:49.1929782-03:00  [INF] Now listening on: "http://localhost:5128" (d826f4b8)
2024-04-30T21:40:49.2674656-03:00  [INF] Application started. Press Ctrl+C to shut down. (dcaefe54)
2024-04-30T21:40:49.2694866-03:00  [INF] Hosting environment: "Development" (bc5a1a4e)
2024-04-30T21:40:49.2705588-03:00  [INF] Content root path: "C:\Users\cris\Desktop\cj\Paradigmas\apiWebDB" (cc26f24e)
2024-04-30T21:40:50.1325823-03:00 0HN39ETCEKIS2:00000001 [INF] Request starting "HTTP/1.1" "GET" "http"://"localhost:5128""""/swagger/index.html""" - null null (d509f86a)
2024-04-30T21:40:50.2558071-03:00 0HN39ETCEKIS2:00000001 [INF] Request finished "HTTP/1.1" "GET" "http"://"localhost:5128""""/swagger/index.html""" - 200 null "text/html;charset=utf-8" 129.2444ms (74253ad3)
2024-04-30T21:40:50.3825415-03:00 0HN39ETCEKIS2:00000002 [INF] Request starting "HTTP/1.1" "GET" "http"://"localhost:5128""""/_framework/aspnetcore-browser-refresh.js""" - null null (d509f86a)
2024-04-30T21:40:50.3825413-03:00 0HN39ETCEKIS3:00000001 [INF] Request starting "HTTP/1.1" "GET" "http"://"localhost:5128""""/_vs/browserLink""" - null null (d509f86a)
2024-04-30T21:40:50.3840656-03:00 0HN39ETCEKIS2:00000002 [INF] Request finished "HTTP/1.1" "GET" "http"://"localhost:5128""""/_framework/aspnetcore-browser-refresh.js""" - 200 13752 "application/javascript; charset=utf-8" 1.6568ms (74253ad3)
2024-04-30T21:40:50.4172398-03:00 0HN39ETCEKIS3:00000001 [INF] Request finished "HTTP/1.1" "GET" "http"://"localhost:5128""""/_vs/browserLink""" - 200 null "text/javascript; charset=UTF-8" 34.8073ms (74253ad3)
2024-04-30T21:40:50.5651194-03:00 0HN39ETCEKIS3:00000002 [INF] Request starting "HTTP/1.1" "GET" "http"://"localhost:5128""""/swagger/v1/swagger.json""" - null null (d509f86a)
2024-04-30T21:40:50.6233375-03:00 0HN39ETCEKIS3:00000002 [INF] Request finished "HTTP/1.1" "GET" "http"://"localhost:5128""""/swagger/v1/swagger.json""" - 200 null "application/json;charset=utf-8" 58.2129ms (74253ad3)
2024-04-30T21:55:55.7544105-03:00  [INF] Now listening on: "http://localhost:5128" (d826f4b8)
2024-04-30T21:55:55.8285061-03:00  [INF] Application started. Press Ctrl+C to shut down. (dcaefe54)
2024-04-30T21:55:55.8314993-03:00  [INF] Hosting environment: "Development" (bc5a1a4e)
2024-04-30T21:55:55.8330068-03:00  [INF] Content root path: "C:\Users\cris\Desktop\cj\Paradigmas\apiWebDB" (cc26f24e)
2024-04-30T21:55:56.3449408-03:00 0HN39F5QKQAJO:00000001 [INF] Request starting "HTTP/1.1" "GET" "http"://"localhost:5128""""/swagger/index.html""" - null null (d509f86a)
2024-04-30T21:57:12.2881400-03:00  [INF] Now listening on: "http://localhost:5128" (d826f4b8)
2024-04-30T21:57:12.3758189-03:00  [INF] Application started. Press Ctrl+C to shut down. (dcaefe54)
2024-04-30T21:57:12.3785784-03:00  [INF] Hosting environment: "Development" (bc5a1a4e)
2024-04-30T21:57:12.3800034-03:00  [INF] Content root path: "C:\Users\cris\Desktop\cj\Paradigmas\apiWebDB" (cc26f24e)
2024-04-30T21:57:12.5158644-03:00 0HN39F6HCJ1JH:00000001 [INF] Request starting "HTTP/1.1" "GET" "http"://"localhost:5128""""/swagger/index.html""" - null null (d509f86a)
2024-04-30T21:57:55.6362405-03:00  [INF] Now listening on: "http://localhost:5128" (d826f4b8)
2024-04-30T21:57:55.6474304-03:00 0HN39F6U9S0B3:00000001 [INF] Request starting "HTTP/1.1" "GET" "http"://"localhost:5128""""/swagger/index.html""" - null null (d509f86a)
2024-04-30T21:57:55.7451630-03:00  [INF] Application started. Press Ctrl+C to shut down. (dcaefe54)
2024-04-30T21:57:55.7477704-03:00  [INF] Hosting environment: "Development" (bc5a1a4e)
2024-04-30T21:57:55.7495153-03:00  [INF] Content root path: "C:\Users\cris\Desktop\cj\Paradigmas\apiWebDB" (cc26f24e)
2024-04-30T21:57:55.8092085-03:00 0HN39F6U9S0B3:00000001 [INF] Request finished "HTTP/1.1" "GET" "http"://"localhost:5128""""/swagger/index.html""" - 404 0 null 166.5862ms (74253ad3)
2024-04-30T21:57:55.8103443-03:00 0HN39F6U9S0B3:00000001 [INF] Request reached the end of the middleware pipeline without being handled by application code. Request path: "GET" "http"://"localhost:5128""""/swagger/index.html", Response status code: 404 (e353595a)
2024-04-30T21:57:56.5411909-03:00 0HN39F6U9S0B3:00000002 [INF] Request starting "HTTP/1.1" "GET" "http"://"localhost:5128""""/swagger/index.html""" - null null (d509f86a)
2024-04-30T21:57:56.5456714-03:00 0HN39F6U9S0B3:00000002 [INF] Request finished "HTTP/1.1" "GET" "http"://"localhost:5128""""/swagger/index.html""" - 404 0 null 4.6074ms (74253ad3)
2024-04-30T21:57:56.5457459-03:00 0HN39F6U9S0B3:00000002 [INF] Request reached the end of the middleware pipeline without being handled by application code. Request path: "GET" "http"://"localhost:5128""""/swagger/index.html", Response status code: 404 (e353595a)
