2024-05-01T09:52:02.3106844-03:00  [INF] Now listening on: "http://localhost:5128" (d826f4b8)
2024-05-01T09:52:02.4216679-03:00  [INF] Application started. Press Ctrl+C to shut down. (dcaefe54)
2024-05-01T09:52:02.4241541-03:00  [INF] Hosting environment: "Development" (bc5a1a4e)
2024-05-01T09:52:02.4258189-03:00  [INF] Content root path: "C:\Users\cris\Desktop\cj\Paradigmas\apiWebDB" (cc26f24e)
2024-05-01T09:52:03.4694931-03:00 0HN39RLVLT51F:00000001 [INF] Request starting "HTTP/1.1" "GET" "http"://"localhost:5128""""/swagger""" - null null (d509f86a)
2024-05-01T09:52:04.4298845-03:00 0HN39RLVLT51F:00000001 [INF] Request finished "HTTP/1.1" "GET" "http"://"localhost:5128""""/swagger""" - 301 0 null 990.912ms (74253ad3)
2024-05-01T09:52:04.4554701-03:00 0HN39RLVLT51F:00000002 [INF] Request starting "HTTP/1.1" "GET" "http"://"localhost:5128""""/swagger/index.html""" - null null (d509f86a)
2024-05-01T09:52:04.6961375-03:00 0HN39RLVLT51F:00000002 [INF] Request finished "HTTP/1.1" "GET" "http"://"localhost:5128""""/swagger/index.html""" - 200 null "text/html;charset=utf-8" 239.1608ms (74253ad3)
2024-05-01T09:52:05.1860042-03:00 0HN39RLVLT51F:00000003 [INF] Request starting "HTTP/1.1" "GET" "http"://"localhost:5128""""/swagger/swagger-ui.css""" - null null (d509f86a)
2024-05-01T09:52:05.2000538-03:00 0HN39RLVLT51E:00000001 [INF] Request starting "HTTP/1.1" "GET" "http"://"localhost:5128""""/swagger/swagger-ui-bundle.js""" - null null (d509f86a)
2024-05-01T09:52:05.2032072-03:00 0HN39RLVLT51G:00000001 [INF] Request starting "HTTP/1.1" "GET" "http"://"localhost:5128""""/swagger/swagger-ui-standalone-preset.js""" - null null (d509f86a)
2024-05-01T09:52:05.2263920-03:00 0HN39RLVLT51H:00000001 [INF] Request starting "HTTP/1.1" "GET" "http"://"localhost:5128""""/_framework/aspnetcore-browser-refresh.js""" - null null (d509f86a)
2024-05-01T09:52:05.2569533-03:00 0HN39RLVLT51I:00000001 [INF] Request starting "HTTP/1.1" "GET" "http"://"localhost:5128""""/_vs/browserLink""" - null null (d509f86a)
2024-05-01T09:52:05.2573386-03:00 0HN39RLVLT51H:00000001 [INF] Request finished "HTTP/1.1" "GET" "http"://"localhost:5128""""/_framework/aspnetcore-browser-refresh.js""" - 200 13752 "application/javascript; charset=utf-8" 30.6677ms (74253ad3)
2024-05-01T09:52:05.5529571-03:00 0HN39RLVLT51F:00000003 [INF] Sending file. Request path: '"/swagger-ui.css"'. Physical path: '"N/A"' (27b0a520)
2024-05-01T09:52:05.5530432-03:00 0HN39RLVLT51E:00000001 [INF] Sending file. Request path: '"/swagger-ui-bundle.js"'. Physical path: '"N/A"' (27b0a520)
2024-05-01T09:52:05.5635468-03:00 0HN39RLVLT51F:00000003 [INF] Request finished "HTTP/1.1" "GET" "http"://"localhost:5128""""/swagger/swagger-ui.css""" - 200 144929 "text/css" 378.3074ms (74253ad3)
2024-05-01T09:52:05.5635469-03:00 0HN39RLVLT51E:00000001 [INF] Request finished "HTTP/1.1" "GET" "http"://"localhost:5128""""/swagger/swagger-ui-bundle.js""" - 200 1061536 "text/javascript" 365.7414ms (74253ad3)
2024-05-01T09:52:05.6238085-03:00 0HN39RLVLT51I:00000001 [INF] Request finished "HTTP/1.1" "GET" "http"://"localhost:5128""""/_vs/browserLink""" - 200 null "text/javascript; charset=UTF-8" 367.1028ms (74253ad3)
2024-05-01T09:52:09.3424034-03:00 0HN39RLVLT51G:00000001 [INF] Sending file. Request path: '"/swagger-ui-standalone-preset.js"'. Physical path: '"N/A"' (27b0a520)
2024-05-01T09:52:09.3427190-03:00 0HN39RLVLT51G:00000001 [INF] Request finished "HTTP/1.1" "GET" "http"://"localhost:5128""""/swagger/swagger-ui-standalone-preset.js""" - 200 312163 "text/javascript" 4139.8752ms (74253ad3)
2024-05-01T09:52:10.0341584-03:00 0HN39RLVLT51G:00000002 [INF] Request starting "HTTP/1.1" "GET" "http"://"localhost:5128""""/swagger/v1/swagger.json""" - null null (d509f86a)
2024-05-01T09:52:10.1356057-03:00 0HN39RLVLT51I:00000002 [INF] Request starting "HTTP/1.1" "GET" "http"://"localhost:5128""""/swagger/favicon-32x32.png""" - null null (d509f86a)
2024-05-01T09:52:10.1377589-03:00 0HN39RLVLT51I:00000002 [INF] Sending file. Request path: '"/favicon-32x32.png"'. Physical path: '"N/A"' (27b0a520)
2024-05-01T09:52:10.1379041-03:00 0HN39RLVLT51I:00000002 [INF] Request finished "HTTP/1.1" "GET" "http"://"localhost:5128""""/swagger/favicon-32x32.png""" - 200 628 "image/png" 2.4043ms (74253ad3)
2024-05-01T09:52:10.3893099-03:00 0HN39RLVLT51G:00000002 [INF] Request finished "HTTP/1.1" "GET" "http"://"localhost:5128""""/swagger/v1/swagger.json""" - 200 null "application/json;charset=utf-8" 355.2311ms (74253ad3)
2024-05-01T09:58:48.5075230-03:00  [INF] Now listening on: "http://localhost:5128" (d826f4b8)
2024-05-01T09:58:48.5973527-03:00  [INF] Application started. Press Ctrl+C to shut down. (dcaefe54)
2024-05-01T09:58:48.6013187-03:00  [INF] Hosting environment: "Development" (bc5a1a4e)
2024-05-01T09:58:48.6029562-03:00  [INF] Content root path: "C:\Users\cris\Desktop\cj\Paradigmas\apiWebDB" (cc26f24e)
2024-05-01T09:58:49.0412577-03:00 0HN39RPOM0T73:00000001 [INF] Request starting "HTTP/1.1" "GET" "http"://"localhost:5128""""/swagger/index.html""" - null null (d509f86a)
2024-05-01T09:58:49.2833774-03:00 0HN39RPOM0T73:00000001 [INF] Request finished "HTTP/1.1" "GET" "http"://"localhost:5128""""/swagger/index.html""" - 200 null "text/html;charset=utf-8" 246.3775ms (74253ad3)
2024-05-01T09:58:49.3679679-03:00 0HN39RPOM0T73:00000002 [INF] Request starting "HTTP/1.1" "GET" "http"://"localhost:5128""""/_framework/aspnetcore-browser-refresh.js""" - null null (d509f86a)
2024-05-01T09:58:49.3689040-03:00 0HN39RPOM0T72:00000001 [INF] Request starting "HTTP/1.1" "GET" "http"://"localhost:5128""""/_vs/browserLink""" - null null (d509f86a)
2024-05-01T09:58:49.3706984-03:00 0HN39RPOM0T73:00000002 [INF] Request finished "HTTP/1.1" "GET" "http"://"localhost:5128""""/_framework/aspnetcore-browser-refresh.js""" - 200 13752 "application/javascript; charset=utf-8" 3.2416ms (74253ad3)
2024-05-01T09:58:49.4138139-03:00 0HN39RPOM0T72:00000001 [INF] Request finished "HTTP/1.1" "GET" "http"://"localhost:5128""""/_vs/browserLink""" - 200 null "text/javascript; charset=UTF-8" 44.8675ms (74253ad3)
2024-05-01T09:58:49.5447119-03:00 0HN39RPOM0T72:00000002 [INF] Request starting "HTTP/1.1" "GET" "http"://"localhost:5128""""/swagger/v1/swagger.json""" - null null (d509f86a)
2024-05-01T09:58:49.6445826-03:00 0HN39RPOM0T72:00000002 [INF] Request finished "HTTP/1.1" "GET" "http"://"localhost:5128""""/swagger/v1/swagger.json""" - 200 null "application/json;charset=utf-8" 99.9071ms (74253ad3)
2024-05-01T10:10:25.1509087-03:00  [INF] Now listening on: "http://localhost:5128" (d826f4b8)
2024-05-01T10:10:25.2413713-03:00  [INF] Application started. Press Ctrl+C to shut down. (dcaefe54)
2024-05-01T10:10:25.2434443-03:00  [INF] Hosting environment: "Development" (bc5a1a4e)
2024-05-01T10:10:25.2448462-03:00  [INF] Content root path: "C:\Users\cris\Desktop\cj\Paradigmas\apiWebDB" (cc26f24e)
2024-05-01T10:10:25.7853800-03:00 0HN39S08BB6RU:00000001 [INF] Request starting "HTTP/1.1" "GET" "http"://"localhost:5128""""/swagger/index.html""" - null null (d509f86a)
2024-05-01T10:10:26.0320960-03:00 0HN39S08BB6RU:00000001 [INF] Request finished "HTTP/1.1" "GET" "http"://"localhost:5128""""/swagger/index.html""" - 200 null "text/html;charset=utf-8" 252.047ms (74253ad3)
2024-05-01T10:10:26.1602612-03:00 0HN39S08BB6RU:00000002 [INF] Request starting "HTTP/1.1" "GET" "http"://"localhost:5128""""/_framework/aspnetcore-browser-refresh.js""" - null null (d509f86a)
2024-05-01T10:10:26.1606562-03:00 0HN39S08BB6RT:00000001 [INF] Request starting "HTTP/1.1" "GET" "http"://"localhost:5128""""/_vs/browserLink""" - null null (d509f86a)
2024-05-01T10:10:26.1623225-03:00 0HN39S08BB6RU:00000002 [INF] Request finished "HTTP/1.1" "GET" "http"://"localhost:5128""""/_framework/aspnetcore-browser-refresh.js""" - 200 13752 "application/javascript; charset=utf-8" 2.2908ms (74253ad3)
2024-05-01T10:10:26.1905281-03:00 0HN39S08BB6RT:00000001 [INF] Request finished "HTTP/1.1" "GET" "http"://"localhost:5128""""/_vs/browserLink""" - 200 null "text/javascript; charset=UTF-8" 29.9316ms (74253ad3)
2024-05-01T10:10:26.3163358-03:00 0HN39S08BB6RT:00000002 [INF] Request starting "HTTP/1.1" "GET" "http"://"localhost:5128""""/swagger/v1/swagger.json""" - null null (d509f86a)
2024-05-01T10:10:26.4095790-03:00 0HN39S08BB6RT:00000002 [INF] Request finished "HTTP/1.1" "GET" "http"://"localhost:5128""""/swagger/v1/swagger.json""" - 200 null "application/json;charset=utf-8" 93.3457ms (74253ad3)
2024-05-01T10:33:38.8848057-03:00  [INF] Now listening on: "http://localhost:5128" (d826f4b8)
2024-05-01T10:33:38.9721691-03:00  [INF] Application started. Press Ctrl+C to shut down. (dcaefe54)
2024-05-01T10:33:38.9747158-03:00  [INF] Hosting environment: "Development" (bc5a1a4e)
2024-05-01T10:33:38.9765605-03:00  [INF] Content root path: "C:\Users\cris\Desktop\cj\Paradigmas\apiWebDB" (cc26f24e)
2024-05-01T10:33:39.6083676-03:00 0HN39SD7LS0MA:00000001 [INF] Request starting "HTTP/1.1" "GET" "http"://"localhost:5128""""/swagger/index.html""" - null null (d509f86a)
2024-05-01T10:33:39.9458571-03:00 0HN39SD7LS0MA:00000001 [INF] Request finished "HTTP/1.1" "GET" "http"://"localhost:5128""""/swagger/index.html""" - 200 null "text/html;charset=utf-8" 371.7063ms (74253ad3)
2024-05-01T10:33:40.2260833-03:00 0HN39SD7LS0MA:00000002 [INF] Request starting "HTTP/1.1" "GET" "http"://"localhost:5128""""/_framework/aspnetcore-browser-refresh.js""" - null null (d509f86a)
2024-05-01T10:33:40.2305768-03:00 0HN39SD7LS0MA:00000002 [INF] Request finished "HTTP/1.1" "GET" "http"://"localhost:5128""""/_framework/aspnetcore-browser-refresh.js""" - 200 13752 "application/javascript; charset=utf-8" 4.5724ms (74253ad3)
2024-05-01T10:33:40.2309484-03:00 0HN39SD7LS0M9:00000001 [INF] Request starting "HTTP/1.1" "GET" "http"://"localhost:5128""""/_vs/browserLink""" - null null (d509f86a)
2024-05-01T10:33:40.3168119-03:00 0HN39SD7LS0M9:00000001 [INF] Request finished "HTTP/1.1" "GET" "http"://"localhost:5128""""/_vs/browserLink""" - 200 null "text/javascript; charset=UTF-8" 85.857ms (74253ad3)
2024-05-01T10:33:40.6410684-03:00 0HN39SD7LS0M9:00000002 [INF] Request starting "HTTP/1.1" "GET" "http"://"localhost:5128""""/swagger/v1/swagger.json""" - null null (d509f86a)
2024-05-01T10:33:40.7357022-03:00 0HN39SD7LS0M9:00000002 [INF] Request finished "HTTP/1.1" "GET" "http"://"localhost:5128""""/swagger/v1/swagger.json""" - 200 null "application/json;charset=utf-8" 94.7006ms (74253ad3)
2024-05-01T10:37:46.7506025-03:00  [INF] Now listening on: "http://localhost:5128" (d826f4b8)
2024-05-01T10:37:46.8447335-03:00  [INF] Application started. Press Ctrl+C to shut down. (dcaefe54)
2024-05-01T10:37:46.8475233-03:00  [INF] Hosting environment: "Development" (bc5a1a4e)
2024-05-01T10:37:46.8488943-03:00  [INF] Content root path: "C:\Users\cris\Desktop\cj\Paradigmas\apiWebDB" (cc26f24e)
2024-05-01T10:37:47.3864809-03:00 0HN39SFHIVRRE:00000001 [INF] Request starting "HTTP/1.1" "GET" "http"://"localhost:5128""""/swagger/index.html""" - null null (d509f86a)
2024-05-01T10:37:47.5892999-03:00 0HN39SFHIVRRE:00000001 [INF] Request finished "HTTP/1.1" "GET" "http"://"localhost:5128""""/swagger/index.html""" - 200 null "text/html;charset=utf-8" 207.8435ms (74253ad3)
2024-05-01T10:37:47.7466788-03:00 0HN39SFHIVRRD:00000001 [INF] Request starting "HTTP/1.1" "GET" "http"://"localhost:5128""""/_vs/browserLink""" - null null (d509f86a)
2024-05-01T10:37:47.7466754-03:00 0HN39SFHIVRRE:00000002 [INF] Request starting "HTTP/1.1" "GET" "http"://"localhost:5128""""/_framework/aspnetcore-browser-refresh.js""" - null null (d509f86a)
2024-05-01T10:37:47.7486659-03:00 0HN39SFHIVRRE:00000002 [INF] Request finished "HTTP/1.1" "GET" "http"://"localhost:5128""""/_framework/aspnetcore-browser-refresh.js""" - 200 13752 "application/javascript; charset=utf-8" 2.0915ms (74253ad3)
2024-05-01T10:37:47.7931136-03:00 0HN39SFHIVRRD:00000001 [INF] Request finished "HTTP/1.1" "GET" "http"://"localhost:5128""""/_vs/browserLink""" - 200 null "text/javascript; charset=UTF-8" 46.5018ms (74253ad3)
2024-05-01T10:37:47.9084599-03:00 0HN39SFHIVRRD:00000002 [INF] Request starting "HTTP/1.1" "GET" "http"://"localhost:5128""""/swagger/v1/swagger.json""" - null null (d509f86a)
2024-05-01T10:37:48.0056373-03:00 0HN39SFHIVRRD:00000002 [INF] Request finished "HTTP/1.1" "GET" "http"://"localhost:5128""""/swagger/v1/swagger.json""" - 200 null "application/json;charset=utf-8" 97.2351ms (74253ad3)
2024-05-01T10:48:12.9142750-03:00  [INF] Now listening on: "http://localhost:5128" (d826f4b8)
2024-05-01T10:48:13.5003306-03:00  [INF] Application started. Press Ctrl+C to shut down. (dcaefe54)
2024-05-01T10:48:13.5031650-03:00  [INF] Hosting environment: "Development" (bc5a1a4e)
2024-05-01T10:48:13.5046133-03:00  [INF] Content root path: "C:\Users\cris\Desktop\cj\Paradigmas\apiWebDB" (cc26f24e)
2024-05-01T10:48:13.8096401-03:00 0HN39SLC6MOQK:00000001 [INF] Request starting "HTTP/1.1" "GET" "http"://"localhost:5128""""/swagger/index.html""" - null null (d509f86a)
2024-05-01T10:48:13.9761847-03:00 0HN39SLC6MOQK:00000001 [INF] Request finished "HTTP/1.1" "GET" "http"://"localhost:5128""""/swagger/index.html""" - 200 null "text/html;charset=utf-8" 171.268ms (74253ad3)
2024-05-01T10:48:14.2079874-03:00 0HN39SLC6MOQK:00000002 [INF] Request starting "HTTP/1.1" "GET" "http"://"localhost:5128""""/_framework/aspnetcore-browser-refresh.js""" - null null (d509f86a)
2024-05-01T10:48:14.2096248-03:00 0HN39SLC6MOQK:00000002 [INF] Request finished "HTTP/1.1" "GET" "http"://"localhost:5128""""/_framework/aspnetcore-browser-refresh.js""" - 200 13752 "application/javascript; charset=utf-8" 1.7227ms (74253ad3)
2024-05-01T10:48:14.2187615-03:00 0HN39SLC6MOQJ:00000001 [INF] Request starting "HTTP/1.1" "GET" "http"://"localhost:5128""""/_vs/browserLink""" - null null (d509f86a)
2024-05-01T10:48:14.3108214-03:00 0HN39SLC6MOQJ:00000001 [INF] Request finished "HTTP/1.1" "GET" "http"://"localhost:5128""""/_vs/browserLink""" - 200 null "text/javascript; charset=UTF-8" 92.1008ms (74253ad3)
2024-05-01T10:48:14.5761810-03:00 0HN39SLC6MOQJ:00000002 [INF] Request starting "HTTP/1.1" "GET" "http"://"localhost:5128""""/swagger/v1/swagger.json""" - null null (d509f86a)
2024-05-01T10:48:14.6735661-03:00 0HN39SLC6MOQJ:00000002 [INF] Request finished "HTTP/1.1" "GET" "http"://"localhost:5128""""/swagger/v1/swagger.json""" - 200 null "application/json;charset=utf-8" 97.4342ms (74253ad3)
2024-05-01T10:53:34.6132103-03:00  [INF] Now listening on: "http://localhost:5128" (d826f4b8)
2024-05-01T10:53:34.7294096-03:00  [INF] Application started. Press Ctrl+C to shut down. (dcaefe54)
2024-05-01T10:53:34.7329682-03:00  [INF] Hosting environment: "Development" (bc5a1a4e)
2024-05-01T10:53:34.7360151-03:00  [INF] Content root path: "C:\Users\cris\Desktop\cj\Paradigmas\apiWebDB" (cc26f24e)
2024-05-01T10:53:35.3114995-03:00 0HN39SOC22NLV:00000001 [INF] Request starting "HTTP/1.1" "GET" "http"://"localhost:5128""""/swagger/index.html""" - null null (d509f86a)
2024-05-01T10:53:35.5858335-03:00 0HN39SOC22NLV:00000001 [INF] Request finished "HTTP/1.1" "GET" "http"://"localhost:5128""""/swagger/index.html""" - 200 null "text/html;charset=utf-8" 279.4844ms (74253ad3)
2024-05-01T10:53:35.7846179-03:00 0HN39SOC22NLU:00000001 [INF] Request starting "HTTP/1.1" "GET" "http"://"localhost:5128""""/_vs/browserLink""" - null null (d509f86a)
2024-05-01T10:53:35.7846565-03:00 0HN39SOC22NLV:00000002 [INF] Request starting "HTTP/1.1" "GET" "http"://"localhost:5128""""/_framework/aspnetcore-browser-refresh.js""" - null null (d509f86a)
2024-05-01T10:53:35.7886530-03:00 0HN39SOC22NLV:00000002 [INF] Request finished "HTTP/1.1" "GET" "http"://"localhost:5128""""/_framework/aspnetcore-browser-refresh.js""" - 200 13752 "application/javascript; charset=utf-8" 3.9763ms (74253ad3)
2024-05-01T10:53:35.8529587-03:00 0HN39SOC22NLU:00000001 [INF] Request finished "HTTP/1.1" "GET" "http"://"localhost:5128""""/_vs/browserLink""" - 200 null "text/javascript; charset=UTF-8" 68.6104ms (74253ad3)
2024-05-01T10:53:36.0178102-03:00 0HN39SOC22NLU:00000002 [INF] Request starting "HTTP/1.1" "GET" "http"://"localhost:5128""""/swagger/v1/swagger.json""" - null null (d509f86a)
2024-05-01T10:53:36.1210141-03:00 0HN39SOC22NLU:00000002 [INF] Request finished "HTTP/1.1" "GET" "http"://"localhost:5128""""/swagger/v1/swagger.json""" - 200 null "application/json;charset=utf-8" 103.178ms (74253ad3)
2024-05-01T10:54:34.3526402-03:00  [INF] Now listening on: "http://localhost:5128" (d826f4b8)
2024-05-01T10:54:34.5065220-03:00  [INF] Application started. Press Ctrl+C to shut down. (dcaefe54)
2024-05-01T10:54:34.5098781-03:00  [INF] Hosting environment: "Development" (bc5a1a4e)
2024-05-01T10:54:34.5132543-03:00  [INF] Content root path: "C:\Users\cris\Desktop\cj\Paradigmas\apiWebDB" (cc26f24e)
2024-05-01T10:54:35.0542003-03:00 0HN39SOTRUJTN:00000001 [INF] Request starting "HTTP/1.1" "GET" "http"://"localhost:5128""""/swagger/index.html""" - null null (d509f86a)
2024-05-01T10:54:35.3174508-03:00 0HN39SOTRUJTN:00000001 [INF] Request finished "HTTP/1.1" "GET" "http"://"localhost:5128""""/swagger/index.html""" - 200 null "text/html;charset=utf-8" 269.724ms (74253ad3)
2024-05-01T10:54:35.5225204-03:00 0HN39SOTRUJTN:00000002 [INF] Request starting "HTTP/1.1" "GET" "http"://"localhost:5128""""/_framework/aspnetcore-browser-refresh.js""" - null null (d509f86a)
2024-05-01T10:54:35.5245855-03:00 0HN39SOTRUJTN:00000002 [INF] Request finished "HTTP/1.1" "GET" "http"://"localhost:5128""""/_framework/aspnetcore-browser-refresh.js""" - 200 13752 "application/javascript; charset=utf-8" 2.1481ms (74253ad3)
2024-05-01T10:54:35.5270259-03:00 0HN39SOTRUJTM:00000001 [INF] Request starting "HTTP/1.1" "GET" "http"://"localhost:5128""""/_vs/browserLink""" - null null (d509f86a)
2024-05-01T10:54:35.6683176-03:00 0HN39SOTRUJTM:00000001 [INF] Request finished "HTTP/1.1" "GET" "http"://"localhost:5128""""/_vs/browserLink""" - 200 null "text/javascript; charset=UTF-8" 141.3119ms (74253ad3)
2024-05-01T10:54:35.8909350-03:00 0HN39SOTRUJTM:00000002 [INF] Request starting "HTTP/1.1" "GET" "http"://"localhost:5128""""/swagger/v1/swagger.json""" - null null (d509f86a)
2024-05-01T10:54:36.0364680-03:00 0HN39SOTRUJTM:00000002 [INF] Request finished "HTTP/1.1" "GET" "http"://"localhost:5128""""/swagger/v1/swagger.json""" - 200 null "application/json;charset=utf-8" 145.5449ms (74253ad3)
2024-05-01T10:57:55.6535468-03:00  [INF] Now listening on: "http://localhost:5128" (d826f4b8)
2024-05-01T10:57:55.8062447-03:00  [INF] Application started. Press Ctrl+C to shut down. (dcaefe54)
2024-05-01T10:57:55.8109186-03:00  [INF] Hosting environment: "Development" (bc5a1a4e)
2024-05-01T10:57:55.8132147-03:00  [INF] Content root path: "C:\Users\cris\Desktop\cj\Paradigmas\apiWebDB" (cc26f24e)
2024-05-01T10:57:56.1658541-03:00 0HN39SQPQS5UQ:00000001 [INF] Request starting "HTTP/1.1" "GET" "http"://"localhost:5128""""/swagger/index.html""" - null null (d509f86a)
2024-05-01T10:57:56.4153858-03:00 0HN39SQPQS5UQ:00000001 [INF] Request finished "HTTP/1.1" "GET" "http"://"localhost:5128""""/swagger/index.html""" - 200 null "text/html;charset=utf-8" 254.794ms (74253ad3)
2024-05-01T10:57:56.6923175-03:00 0HN39SQPQS5UQ:00000002 [INF] Request starting "HTTP/1.1" "GET" "http"://"localhost:5128""""/_framework/aspnetcore-browser-refresh.js""" - null null (d509f86a)
2024-05-01T10:57:56.6969881-03:00 0HN39SQPQS5UQ:00000002 [INF] Request finished "HTTP/1.1" "GET" "http"://"localhost:5128""""/_framework/aspnetcore-browser-refresh.js""" - 200 13752 "application/javascript; charset=utf-8" 4.7617ms (74253ad3)
2024-05-01T10:57:56.6973097-03:00 0HN39SQPQS5UP:00000001 [INF] Request starting "HTTP/1.1" "GET" "http"://"localhost:5128""""/_vs/browserLink""" - null null (d509f86a)
2024-05-01T10:57:56.9643693-03:00 0HN39SQPQS5UP:00000001 [INF] Request finished "HTTP/1.1" "GET" "http"://"localhost:5128""""/_vs/browserLink""" - 200 null "text/javascript; charset=UTF-8" 267.0333ms (74253ad3)
2024-05-01T10:57:57.1120974-03:00 0HN39SQPQS5UP:00000002 [INF] Request starting "HTTP/1.1" "GET" "http"://"localhost:5128""""/swagger/v1/swagger.json""" - null null (d509f86a)
2024-05-01T10:57:57.2341971-03:00 0HN39SQPQS5UP:00000002 [INF] Request finished "HTTP/1.1" "GET" "http"://"localhost:5128""""/swagger/v1/swagger.json""" - 200 null "application/json;charset=utf-8" 121.9958ms (74253ad3)
